[INFO ] 2020-02-13 11:22:21.703 [http-nio-8080-exec-28] Database - Properties File Loaded
[INFO ] 2020-02-13 11:27:27.683 [http-nio-8080-exec-37] Database - Properties File Loaded
[INFO ] 2020-02-13 11:47:38.671 [http-nio-8080-exec-1] Database - Properties File Loaded
[INFO ] 2020-02-13 12:42:00.363 [http-nio-8080-exec-9] Database - Properties File Loaded
[INFO ] 2020-02-13 12:45:54.080 [http-nio-8080-exec-9] Database - Properties File Loaded
[INFO ] 2020-02-13 12:51:38.621 [http-nio-8080-exec-14] Database - Properties File Loaded
[INFO ] 2020-02-13 12:56:18.563 [http-nio-8080-exec-37] Database - Properties File Loaded
[INFO ] 2020-02-13 13:57:28.640 [http-nio-8080-exec-48] Database - Properties File Loaded
[INFO ] 2020-02-13 13:58:14.692 [http-nio-8080-exec-50] Database - Properties File Loaded
[INFO ] 2020-02-13 14:07:19.069 [http-nio-8080-exec-69] Database - Properties File Loaded
[INFO ] 2020-02-13 14:09:05.575 [http-nio-8080-exec-76] Database - Properties File Loaded
[INFO ] 2020-02-13 14:09:33.730 [http-nio-8080-exec-79] Database - Properties File Loaded
[INFO ] 2020-02-13 14:10:02.770 [http-nio-8080-exec-82] Database - Properties File Loaded
[INFO ] 2020-02-13 14:10:44.105 [http-nio-8080-exec-84] Database - Properties File Loaded
[INFO ] 2020-02-13 14:11:19.176 [http-nio-8080-exec-88] Database - Properties File Loaded
[INFO ] 2020-02-13 14:13:04.163 [http-nio-8080-exec-93] Database - Properties File Loaded
[INFO ] 2020-02-13 14:15:05.158 [http-nio-8080-exec-101] Database - Properties File Loaded
[INFO ] 2020-02-13 14:19:37.504 [http-nio-8080-exec-112] Database - Properties File Loaded
[INFO ] 2020-02-13 14:23:40.360 [http-nio-8080-exec-115] Database - Properties File Loaded
[INFO ] 2020-02-13 14:32:12.141 [http-nio-8080-exec-121] Database - Properties File Loaded
[INFO ] 2020-02-13 14:33:55.896 [http-nio-8080-exec-130] Database - Properties File Loaded
[INFO ] 2020-02-13 14:34:50.148 [http-nio-8080-exec-142] Database - Properties File Loaded
[INFO ] 2020-02-13 14:36:37.804 [http-nio-8080-exec-149] Database - Properties File Loaded
[INFO ] 2020-02-13 14:43:06.510 [http-nio-8080-exec-161] Database - Properties File Loaded
[INFO ] 2020-02-13 14:44:42.456 [http-nio-8080-exec-171] Database - Properties File Loaded
[INFO ] 2020-02-13 14:49:44.015 [http-nio-8080-exec-177] Database - Properties File Loaded
[INFO ] 2020-02-13 14:55:23.533 [http-nio-8080-exec-197] Database - Properties File Loaded
[INFO ] 2020-02-13 14:59:38.722 [http-nio-8080-exec-202] Database - Properties File Loaded
[INFO ] 2020-02-13 15:04:52.718 [http-nio-8080-exec-217] Database - Properties File Loaded
[INFO ] 2020-02-13 15:21:48.956 [http-nio-8080-exec-224] Database - Properties File Loaded
[INFO ] 2020-02-13 15:28:24.545 [http-nio-8080-exec-236] Database - Properties File Loaded
[INFO ] 2020-02-13 15:30:02.646 [http-nio-8080-exec-250] Database - Properties File Loaded
[INFO ] 2020-02-13 15:31:38.322 [http-nio-8080-exec-244] Database - Properties File Loaded
[INFO ] 2020-02-13 15:39:49.190 [http-nio-8080-exec-271] Database - Properties File Loaded
[INFO ] 2020-02-13 15:45:10.404 [http-nio-8080-exec-1] Database - Properties File Loaded
[INFO ] 2020-02-13 15:46:44.476 [http-nio-8080-exec-8] Database - Properties File Loaded
[INFO ] 2020-02-13 15:47:55.014 [http-nio-8080-exec-13] Database - Properties File Loaded
[INFO ] 2020-02-13 15:48:39.518 [http-nio-8080-exec-11] Database - Properties File Loaded
[INFO ] 2020-02-13 15:53:22.447 [http-nio-8080-exec-25] Database - Properties File Loaded
[INFO ] 2020-02-13 15:54:11.884 [http-nio-8080-exec-28] Database - Properties File Loaded
[INFO ] 2020-02-13 15:56:44.004 [http-nio-8080-exec-29] Database - Properties File Loaded
[INFO ] 2020-02-13 16:54:34.517 [http-nio-8080-exec-39] Database - Properties File Loaded
[INFO ] 2020-02-13 16:57:05.458 [http-nio-8080-exec-46] Database - Properties File Loaded
[INFO ] 2020-02-13 17:35:39.247 [http-nio-8080-exec-49] Database - Properties File Loaded
[INFO ] 2020-02-13 17:39:47.688 [http-nio-8080-exec-58] Database - Properties File Loaded
[INFO ] 2020-02-13 17:40:02.478 [http-nio-8080-exec-47] Database - Properties File Loaded
[INFO ] 2020-02-13 17:40:21.488 [http-nio-8080-exec-60] Database - Properties File Loaded
[INFO ] 2020-02-13 17:47:40.830 [http-nio-8080-exec-63] Database - Properties File Loaded
[INFO ] 2020-02-13 17:48:04.485 [http-nio-8080-exec-67] Database - Properties File Loaded
[INFO ] 2020-02-13 17:49:21.304 [http-nio-8080-exec-75] Database - Properties File Loaded
[INFO ] 2020-02-13 17:50:38.727 [http-nio-8080-exec-85] Database - Properties File Loaded
[INFO ] 2020-02-13 17:51:14.222 [http-nio-8080-exec-86] Database - Properties File Loaded
[INFO ] 2020-02-13 17:53:20.759 [http-nio-8080-exec-95] Database - Properties File Loaded
[INFO ] 2020-02-13 17:54:30.517 [http-nio-8080-exec-10] Database - Properties File Loaded
[INFO ] 2020-02-13 17:55:38.937 [http-nio-8080-exec-5] Database - Properties File Loaded
[INFO ] 2020-02-13 17:59:02.864 [http-nio-8080-exec-6] Database - Properties File Loaded
[INFO ] 2020-02-13 18:03:43.228 [http-nio-8080-exec-19] Database - Properties File Loaded
[INFO ] 2020-02-13 18:06:35.870 [http-nio-8080-exec-10] Database - Properties File Loaded
[INFO ] 2020-02-13 18:08:11.276 [http-nio-8080-exec-1] Database - Properties File Loaded
[INFO ] 2020-02-13 18:08:14.505 [http-nio-8080-exec-6] Database - Properties File Loaded
[INFO ] 2020-02-13 18:18:31.869 [http-nio-8080-exec-1] Database - Properties File Loaded
[INFO ] 2020-02-13 18:18:38.843 [http-nio-8080-exec-4] Database - Properties File Loaded
[INFO ] 2020-02-13 18:20:02.625 [http-nio-8080-exec-1] Database - Properties File Loaded
[INFO ] 2020-02-13 18:21:48.732 [http-nio-8080-exec-5] Database - Properties File Loaded
[INFO ] 2020-02-13 18:22:31.477 [http-nio-8080-exec-9] Database - Properties File Loaded
[INFO ] 2020-02-13 18:24:18.783 [http-nio-8080-exec-14] Database - Properties File Loaded
[INFO ] 2020-02-13 18:24:25.522 [http-nio-8080-exec-10] Database - Properties File Loaded
[INFO ] 2020-02-13 18:38:02.718 [http-nio-8080-exec-24] Database - Properties File Loaded
[INFO ] 2020-02-13 18:38:49.555 [http-nio-8080-exec-32] Database - Properties File Loaded
[INFO ] 2020-02-13 18:45:16.310 [http-nio-8080-exec-39] Database - Properties File Loaded
[INFO ] 2020-02-13 18:47:53.363 [http-nio-8080-exec-49] Database - Properties File Loaded
[INFO ] 2020-02-13 18:53:39.803 [http-nio-8080-exec-59] Database - Properties File Loaded
[INFO ] 2020-02-13 18:57:01.387 [http-nio-8080-exec-67] Database - Properties File Loaded
[INFO ] 2020-02-13 18:58:13.214 [http-nio-8080-exec-2] Database - Properties File Loaded
[INFO ] 2020-02-13 19:00:46.434 [http-nio-8080-exec-12] Database - Properties File Loaded
[INFO ] 2020-02-13 19:41:46.555 [http-nio-8080-exec-13] Database - Properties File Loaded
[INFO ] 2020-02-13 19:42:35.725 [http-nio-8080-exec-14] Database - Properties File Loaded
[INFO ] 2020-02-13 19:44:30.431 [http-nio-8080-exec-10] Database - Properties File Loaded
[INFO ] 2020-02-13 19:45:32.345 [http-nio-8080-exec-2] Database - Properties File Loaded
[INFO ] 2020-02-13 19:47:13.482 [http-nio-8080-exec-10] Database - Properties File Loaded
[INFO ] 2020-02-13 19:50:21.271 [http-nio-8080-exec-14] Database - Properties File Loaded
[INFO ] 2020-02-13 19:50:47.046 [http-nio-8080-exec-1] Database - Properties File Loaded
[INFO ] 2020-02-15 10:44:56.433 [http-nio-8080-exec-6] Database - Properties File Loaded
[INFO ] 2020-02-15 10:49:57.034 [http-nio-8080-exec-11] Database - Properties File Loaded
[INFO ] 2020-02-15 12:25:05.361 [http-nio-8080-exec-4] Database - Properties File Loaded
[INFO ] 2020-02-15 12:25:10.265 [http-nio-8080-exec-6] Database - Properties File Loaded
[INFO ] 2020-02-15 12:25:13.382 [http-nio-8080-exec-8] Database - Properties File Loaded
[INFO ] 2020-02-15 16:51:57.535 [main] Database - Properties File Loaded
[INFO ] 2020-02-15 16:51:57.544 [main] Database - Properties File Loaded
[INFO ] 2020-02-15 16:53:45.144 [main] Database - Properties File Loaded
[INFO ] 2020-02-15 17:01:16.967 [main] Database - Properties File Loaded
[INFO ] 2020-02-15 17:01:16.971 [main] Database - Properties File Loaded
[INFO ] 2020-02-15 17:01:26.559 [main] Database - Properties File Loaded
[INFO ] 2020-02-15 17:01:26.562 [main] Database - Properties File Loaded
[INFO ] 2020-02-15 17:03:07.595 [main] Database - Properties File Loaded
[INFO ] 2020-02-15 17:03:07.598 [main] Database - Properties File Loaded
[INFO ] 2020-02-15 17:03:44.768 [main] Database - Properties File Loaded
[INFO ] 2020-02-15 17:03:44.773 [main] Database - Properties File Loaded
[INFO ] 2020-02-15 17:05:11.825 [main] Database - Properties File Loaded
[INFO ] 2020-02-15 17:05:11.828 [main] Database - Properties File Loaded
[INFO ] 2020-02-17 10:25:46.240 [main] Database - Properties File Loaded
[INFO ] 2020-02-17 10:25:46.243 [main] Database - Properties File Loaded
[INFO ] 2020-02-17 10:27:34.940 [main] Database - Properties File Loaded
[INFO ] 2020-02-17 10:27:34.943 [main] Database - Properties File Loaded
[INFO ] 2020-02-17 10:28:43.821 [main] Database - Properties File Loaded
[INFO ] 2020-02-17 10:28:43.824 [main] Database - Properties File Loaded
[INFO ] 2020-02-17 10:30:15.633 [main] Database - Properties File Loaded
[INFO ] 2020-02-17 10:30:15.636 [main] Database - Properties File Loaded
[INFO ] 2020-02-17 10:30:53.310 [main] Database - Properties File Loaded
[INFO ] 2020-02-17 10:30:53.313 [main] Database - Properties File Loaded
[INFO ] 2020-02-17 10:31:32.339 [main] Database - Properties File Loaded
[INFO ] 2020-02-17 10:31:32.342 [main] Database - Properties File Loaded
[INFO ] 2020-02-17 10:33:16.709 [main] Database - Properties File Loaded
[INFO ] 2020-02-17 10:33:16.712 [main] Database - Properties File Loaded
[INFO ] 2020-02-17 10:33:55.155 [main] Database - Properties File Loaded
[INFO ] 2020-02-17 10:33:55.157 [main] Database - Properties File Loaded
[INFO ] 2020-02-17 10:34:06.591 [main] Database - Properties File Loaded
[INFO ] 2020-02-17 10:34:06.594 [main] Database - Properties File Loaded
[INFO ] 2020-02-17 10:39:55.578 [main] Database - Properties File Loaded
[INFO ] 2020-02-17 10:40:14.192 [main] Database - Properties File Loaded
[INFO ] 2020-02-17 10:41:06.071 [main] Database - Properties File Loaded
[INFO ] 2020-02-17 10:42:21.567 [main] Database - Properties File Loaded
[INFO ] 2020-02-17 10:45:07.295 [main] Database - Properties File Loaded
[INFO ] 2020-02-17 10:45:19.942 [main] Database - Properties File Loaded
[INFO ] 2020-02-17 10:48:07.188 [main] Database - Properties File Loaded
[INFO ] 2020-02-17 10:48:36.125 [main] Database - Properties File Loaded
[INFO ] 2020-02-17 10:51:12.737 [main] Database - Properties File Loaded
[INFO ] 2020-02-17 10:55:16.528 [main] Database - Properties File Loaded
[INFO ] 2020-02-17 10:56:06.496 [main] Database - Properties File Loaded
[INFO ] 2020-02-17 10:56:38.091 [main] Database - Properties File Loaded
[INFO ] 2020-02-17 10:57:05.444 [main] Database - Properties File Loaded
[INFO ] 2020-02-17 10:59:45.527 [main] Database - Properties File Loaded
[INFO ] 2020-02-17 10:59:45.963 [main] Database - -- MySQL dump 10.13  Distrib 5.5.57, for debian-linux-gnu (x86_64)
[INFO ] 2020-02-17 10:59:45.964 [main] Database - --
[INFO ] 2020-02-17 10:59:45.964 [main] Database - -- Host: 0.0.0.0    Database: adhound
[INFO ] 2020-02-17 10:59:45.965 [main] Database - -- ------------------------------------------------------
[INFO ] 2020-02-17 10:59:45.965 [main] Database - -- Server version	5.5.57-0ubuntu0.14.04.1
[INFO ] 2020-02-17 10:59:45.965 [main] Database - 
[INFO ] 2020-02-17 11:00:10.702 [main] Database - Properties File Loaded
[INFO ] 2020-02-17 11:02:53.711 [main] Database - -- MySQL dump 10.13  Distrib 5.5.57, for debian-linux-gnu (x86_64)
[INFO ] 2020-02-17 11:03:04.632 [main] Database - --
[INFO ] 2020-02-17 11:03:04.632 [main] Database - -- Host: 0.0.0.0    Database: adhound
[INFO ] 2020-02-17 11:03:04.633 [main] Database - -- ------------------------------------------------------
[INFO ] 2020-02-17 11:03:04.633 [main] Database - -- Server version	5.5.57-0ubuntu0.14.04.1
[INFO ] 2020-02-17 11:03:04.634 [main] Database - 
[INFO ] 2020-02-17 11:03:07.768 [main] Database - Properties File Loaded
[INFO ] 2020-02-17 11:03:38.046 [main] Database - -- MySQL dump 10.13  Distrib 5.5.57, for debian-linux-gnu (x86_64)
[INFO ] 2020-02-17 11:03:43.718 [main] Database - --
[INFO ] 2020-02-17 11:03:44.549 [main] Database - -- Host: 0.0.0.0    Database: adhound
[INFO ] 2020-02-17 11:03:45.630 [main] Database - -- ------------------------------------------------------
[INFO ] 2020-02-17 11:03:46.266 [main] Database - -- Server version	5.5.57-0ubuntu0.14.04.1
[INFO ] 2020-02-17 11:03:47.014 [main] Database - 
[INFO ] 2020-02-17 11:11:12.173 [main] Database - Properties File Loaded
[INFO ] 2020-02-17 11:11:32.765 [main] Database - 
[INFO ] 2020-02-17 11:12:20.461 [main] Database - Properties File Loaded
[INFO ] 2020-02-17 11:13:22.896 [main] Database - Properties File Loaded
[INFO ] 2020-02-17 11:39:20.998 [main] Database - Properties File Loaded
[INFO ] 2020-02-17 11:40:30.849 [main] Database - Properties File Loaded
[INFO ] 2020-02-17 11:41:55.953 [main] Database - Properties File Loaded
[INFO ] 2020-02-17 11:47:25.416 [main] Database - Properties File Loaded
[INFO ] 2020-02-17 11:48:17.955 [main] Database - Properties File Loaded
[INFO ] 2020-02-17 11:51:50.516 [main] Database - Properties File Loaded
[INFO ] 2020-02-17 11:53:23.142 [main] Database - Properties File Loaded
[INFO ] 2020-02-17 11:55:09.367 [main] Database - Properties File Loaded
[INFO ] 2020-02-17 11:56:35.911 [main] Database - Properties File Loaded
[INFO ] 2020-02-17 11:57:42.059 [main] Database - Properties File Loaded
[INFO ] 2020-02-17 11:58:18.849 [main] Database - Properties File Loaded
[INFO ] 2020-02-17 12:00:52.363 [main] Database - Properties File Loaded
[INFO ] 2020-02-17 12:01:16.447 [main] Database - Properties File Loaded
[INFO ] 2020-02-17 12:01:58.958 [main] Database - Properties File Loaded
[INFO ] 2020-02-17 12:03:04.411 [main] Database - Properties File Loaded
[INFO ] 2020-02-17 12:04:12.613 [main] Database - Properties File Loaded
[INFO ] 2020-02-17 12:04:41.174 [main] Database - Properties File Loaded
[INFO ] 2020-02-17 12:06:14.861 [main] Database - Properties File Loaded
[INFO ] 2020-02-17 12:07:07.271 [main] Database - Properties File Loaded
[INFO ] 2020-02-17 12:10:30.446 [main] Database - Properties File Loaded
[INFO ] 2020-02-17 12:10:56.003 [main] Database - Properties File Loaded
[INFO ] 2020-02-17 12:12:20.642 [main] Database - Properties File Loaded
[INFO ] 2020-02-17 12:21:49.898 [main] Database - Properties File Loaded
[INFO ] 2020-02-17 12:30:36.422 [main] Database - Properties File Loaded
[INFO ] 2020-02-17 12:31:55.560 [main] Database - Properties File Loaded
[INFO ] 2020-02-17 12:32:19.169 [main] Database - Properties File Loaded
[INFO ] 2020-02-17 12:33:13.907 [main] Database - Properties File Loaded
