[INFO ] 2020-02-17 16:39:32.401 [main] UserDataTest - testGetAllUsersData
[INFO ] 2020-02-17 16:39:32.410 [main] UserDataTest - testGetUserDataSuccess
[INFO ] 2020-02-17 16:39:32.435 [main] UserDataTest - testSaveOrUpdate
[INFO ] 2020-02-17 16:40:14.907 [main] UserDataTest - testGetAllUsersData
[INFO ] 2020-02-17 16:40:14.916 [main] UserDataTest - testGetUserDataSuccess
[INFO ] 2020-02-17 16:40:14.941 [main] UserDataTest - testSaveOrUpdate
[INFO ] 2020-02-17 16:43:43.570 [main] UserDataTest - testGetAllUsersData
[INFO ] 2020-02-17 16:43:43.622 [main] UserDataTest - testInsert
[INFO ] 2020-02-17 16:43:43.634 [main] UserDataTest - testGetUserDataSuccess
[INFO ] 2020-02-17 16:43:43.666 [main] UserDataTest - testSaveOrUpdate
[INFO ] 2020-02-17 16:45:18.141 [main] UserDataTest - testGetAllUsersData
[INFO ] 2020-02-17 16:45:18.183 [main] UserDataTest - testInsert
[INFO ] 2020-02-17 16:45:18.192 [main] UserDataTest - testGetUserDataSuccess
[INFO ] 2020-02-17 16:45:18.223 [main] UserDataTest - testSaveOrUpdate
[INFO ] 2020-02-17 16:49:07.605 [main] UserDataTest - testInsert
[INFO ] 2020-02-17 16:49:59.874 [main] UserDataTest - testDelete
[INFO ] 2020-02-17 16:50:40.013 [main] UserDataTest - testGetAllUsersData
[INFO ] 2020-02-17 16:50:40.059 [main] UserDataTest - testInsert
[INFO ] 2020-02-17 16:50:40.065 [main] UserDataTest - testGetUserDataSuccess
[INFO ] 2020-02-17 16:50:40.121 [main] UserDataTest - testSaveOrUpdate
[INFO ] 2020-02-17 16:51:32.362 [main] UserDataTest - testDelete
