[DEBUG] 2020-02-17 16:49:57.645 [main] IntegratorServiceImpl - Adding Integrator [org.hibernate.cfg.beanvalidation.BeanValidationIntegrator].
[DEBUG] 2020-02-17 16:49:57.649 [main] IntegratorServiceImpl - Adding Integrator [org.hibernate.secure.spi.JaccIntegrator].
[DEBUG] 2020-02-17 16:49:57.651 [main] IntegratorServiceImpl - Adding Integrator [org.hibernate.cache.internal.CollectionCacheInvalidator].
[INFO ] 2020-02-17 16:49:57.737 [main] Version - HHH000412: Hibernate Core {5.4.4.Final}
[DEBUG] 2020-02-17 16:49:57.739 [main] Environment - HHH000206: hibernate.properties not found
[DEBUG] 2020-02-17 16:49:58.018 [main] JaxbCfgProcessor - cfg.xml document did not define namespaces; wrapping in custom event reader to introduce namespace information
[DEBUG] 2020-02-17 16:49:58.236 [main] ServiceBinding - Overriding existing service binding [org.hibernate.secure.spi.JaccService]
[DEBUG] 2020-02-17 16:49:58.257 [main] RegionFactoryInitiator - Cannot default RegionFactory based on registered strategies as `[]` RegionFactory strategies were registered
[DEBUG] 2020-02-17 16:49:58.258 [main] RegionFactoryInitiator - Cache region factory : org.hibernate.cache.internal.NoCachingRegionFactory
[INFO ] 2020-02-17 16:49:58.282 [main] Version - HCANN000001: Hibernate Commons Annotations {5.1.0.Final}
[DEBUG] 2020-02-17 16:49:58.326 [main] BasicTypeRegistry - Adding type registration boolean -> org.hibernate.type.BooleanType@2f6bcf87
[DEBUG] 2020-02-17 16:49:58.326 [main] BasicTypeRegistry - Adding type registration boolean -> org.hibernate.type.BooleanType@2f6bcf87
[DEBUG] 2020-02-17 16:49:58.326 [main] BasicTypeRegistry - Adding type registration java.lang.Boolean -> org.hibernate.type.BooleanType@2f6bcf87
[DEBUG] 2020-02-17 16:49:58.327 [main] BasicTypeRegistry - Adding type registration numeric_boolean -> org.hibernate.type.NumericBooleanType@1e6b9a95
[DEBUG] 2020-02-17 16:49:58.327 [main] BasicTypeRegistry - Adding type registration true_false -> org.hibernate.type.TrueFalseType@4cee7fa0
[DEBUG] 2020-02-17 16:49:58.328 [main] BasicTypeRegistry - Adding type registration yes_no -> org.hibernate.type.YesNoType@4e2c95ee
[DEBUG] 2020-02-17 16:49:58.328 [main] BasicTypeRegistry - Adding type registration byte -> org.hibernate.type.ByteType@14faa38c
[DEBUG] 2020-02-17 16:49:58.329 [main] BasicTypeRegistry - Adding type registration byte -> org.hibernate.type.ByteType@14faa38c
[DEBUG] 2020-02-17 16:49:58.329 [main] BasicTypeRegistry - Adding type registration java.lang.Byte -> org.hibernate.type.ByteType@14faa38c
[DEBUG] 2020-02-17 16:49:58.329 [main] BasicTypeRegistry - Adding type registration character -> org.hibernate.type.CharacterType@5baaae4c
[DEBUG] 2020-02-17 16:49:58.329 [main] BasicTypeRegistry - Adding type registration char -> org.hibernate.type.CharacterType@5baaae4c
[DEBUG] 2020-02-17 16:49:58.329 [main] BasicTypeRegistry - Adding type registration java.lang.Character -> org.hibernate.type.CharacterType@5baaae4c
[DEBUG] 2020-02-17 16:49:58.330 [main] BasicTypeRegistry - Adding type registration short -> org.hibernate.type.ShortType@72ab05ed
[DEBUG] 2020-02-17 16:49:58.330 [main] BasicTypeRegistry - Adding type registration short -> org.hibernate.type.ShortType@72ab05ed
[DEBUG] 2020-02-17 16:49:58.330 [main] BasicTypeRegistry - Adding type registration java.lang.Short -> org.hibernate.type.ShortType@72ab05ed
[DEBUG] 2020-02-17 16:49:58.330 [main] BasicTypeRegistry - Adding type registration integer -> org.hibernate.type.IntegerType@6b7d1df8
[DEBUG] 2020-02-17 16:49:58.331 [main] BasicTypeRegistry - Adding type registration int -> org.hibernate.type.IntegerType@6b7d1df8
[DEBUG] 2020-02-17 16:49:58.331 [main] BasicTypeRegistry - Adding type registration java.lang.Integer -> org.hibernate.type.IntegerType@6b7d1df8
[DEBUG] 2020-02-17 16:49:58.331 [main] BasicTypeRegistry - Adding type registration long -> org.hibernate.type.LongType@23eee4b8
[DEBUG] 2020-02-17 16:49:58.331 [main] BasicTypeRegistry - Adding type registration long -> org.hibernate.type.LongType@23eee4b8
[DEBUG] 2020-02-17 16:49:58.331 [main] BasicTypeRegistry - Adding type registration java.lang.Long -> org.hibernate.type.LongType@23eee4b8
[DEBUG] 2020-02-17 16:49:58.332 [main] BasicTypeRegistry - Adding type registration float -> org.hibernate.type.FloatType@23cd4ff2
[DEBUG] 2020-02-17 16:49:58.332 [main] BasicTypeRegistry - Adding type registration float -> org.hibernate.type.FloatType@23cd4ff2
[DEBUG] 2020-02-17 16:49:58.332 [main] BasicTypeRegistry - Adding type registration java.lang.Float -> org.hibernate.type.FloatType@23cd4ff2
[DEBUG] 2020-02-17 16:49:58.332 [main] BasicTypeRegistry - Adding type registration double -> org.hibernate.type.DoubleType@12477988
[DEBUG] 2020-02-17 16:49:58.332 [main] BasicTypeRegistry - Adding type registration double -> org.hibernate.type.DoubleType@12477988
[DEBUG] 2020-02-17 16:49:58.332 [main] BasicTypeRegistry - Adding type registration java.lang.Double -> org.hibernate.type.DoubleType@12477988
[DEBUG] 2020-02-17 16:49:58.333 [main] BasicTypeRegistry - Adding type registration big_decimal -> org.hibernate.type.BigDecimalType@22101c80
[DEBUG] 2020-02-17 16:49:58.333 [main] BasicTypeRegistry - Adding type registration java.math.BigDecimal -> org.hibernate.type.BigDecimalType@22101c80
[DEBUG] 2020-02-17 16:49:58.333 [main] BasicTypeRegistry - Adding type registration big_integer -> org.hibernate.type.BigIntegerType@267bbe1a
[DEBUG] 2020-02-17 16:49:58.334 [main] BasicTypeRegistry - Adding type registration java.math.BigInteger -> org.hibernate.type.BigIntegerType@267bbe1a
[DEBUG] 2020-02-17 16:49:58.336 [main] BasicTypeRegistry - Adding type registration string -> org.hibernate.type.StringType@60f2e0bd
[DEBUG] 2020-02-17 16:49:58.336 [main] BasicTypeRegistry - Adding type registration java.lang.String -> org.hibernate.type.StringType@60f2e0bd
[DEBUG] 2020-02-17 16:49:58.337 [main] BasicTypeRegistry - Adding type registration nstring -> org.hibernate.type.StringNVarcharType@203dd56b
[DEBUG] 2020-02-17 16:49:58.337 [main] BasicTypeRegistry - Adding type registration ncharacter -> org.hibernate.type.CharacterNCharType@1d3e6d34
[DEBUG] 2020-02-17 16:49:58.337 [main] BasicTypeRegistry - Adding type registration url -> org.hibernate.type.UrlType@4303b7f0
[DEBUG] 2020-02-17 16:49:58.337 [main] BasicTypeRegistry - Adding type registration java.net.URL -> org.hibernate.type.UrlType@4303b7f0
[DEBUG] 2020-02-17 16:49:58.338 [main] BasicTypeRegistry - Adding type registration Duration -> org.hibernate.type.DurationType@1450078a
[DEBUG] 2020-02-17 16:49:58.338 [main] BasicTypeRegistry - Adding type registration java.time.Duration -> org.hibernate.type.DurationType@1450078a
[DEBUG] 2020-02-17 16:49:58.341 [main] BasicTypeRegistry - Adding type registration Instant -> org.hibernate.type.InstantType@5eccd3b9
[DEBUG] 2020-02-17 16:49:58.341 [main] BasicTypeRegistry - Adding type registration java.time.Instant -> org.hibernate.type.InstantType@5eccd3b9
[DEBUG] 2020-02-17 16:49:58.342 [main] BasicTypeRegistry - Adding type registration LocalDateTime -> org.hibernate.type.LocalDateTimeType@7ed9ae94
[DEBUG] 2020-02-17 16:49:58.342 [main] BasicTypeRegistry - Adding type registration java.time.LocalDateTime -> org.hibernate.type.LocalDateTimeType@7ed9ae94
[DEBUG] 2020-02-17 16:49:58.343 [main] BasicTypeRegistry - Adding type registration LocalDate -> org.hibernate.type.LocalDateType@4b6ac111
[DEBUG] 2020-02-17 16:49:58.343 [main] BasicTypeRegistry - Adding type registration java.time.LocalDate -> org.hibernate.type.LocalDateType@4b6ac111
[DEBUG] 2020-02-17 16:49:58.344 [main] BasicTypeRegistry - Adding type registration LocalTime -> org.hibernate.type.LocalTimeType@5491f68b
[DEBUG] 2020-02-17 16:49:58.344 [main] BasicTypeRegistry - Adding type registration java.time.LocalTime -> org.hibernate.type.LocalTimeType@5491f68b
[DEBUG] 2020-02-17 16:49:58.344 [main] BasicTypeRegistry - Adding type registration OffsetDateTime -> org.hibernate.type.OffsetDateTimeType@54dcbb9f
[DEBUG] 2020-02-17 16:49:58.345 [main] BasicTypeRegistry - Adding type registration java.time.OffsetDateTime -> org.hibernate.type.OffsetDateTimeType@54dcbb9f
[DEBUG] 2020-02-17 16:49:58.345 [main] BasicTypeRegistry - Adding type registration OffsetTime -> org.hibernate.type.OffsetTimeType@5f78de22
[DEBUG] 2020-02-17 16:49:58.345 [main] BasicTypeRegistry - Adding type registration java.time.OffsetTime -> org.hibernate.type.OffsetTimeType@5f78de22
[DEBUG] 2020-02-17 16:49:58.346 [main] BasicTypeRegistry - Adding type registration ZonedDateTime -> org.hibernate.type.ZonedDateTimeType@bcb09a6
[DEBUG] 2020-02-17 16:49:58.346 [main] BasicTypeRegistry - Adding type registration java.time.ZonedDateTime -> org.hibernate.type.ZonedDateTimeType@bcb09a6
[DEBUG] 2020-02-17 16:49:58.347 [main] BasicTypeRegistry - Adding type registration date -> org.hibernate.type.DateType@378bd86d
[DEBUG] 2020-02-17 16:49:58.347 [main] BasicTypeRegistry - Adding type registration java.sql.Date -> org.hibernate.type.DateType@378bd86d
[DEBUG] 2020-02-17 16:49:58.348 [main] BasicTypeRegistry - Adding type registration time -> org.hibernate.type.TimeType@7c2327fa
[DEBUG] 2020-02-17 16:49:58.348 [main] BasicTypeRegistry - Adding type registration java.sql.Time -> org.hibernate.type.TimeType@7c2327fa
[DEBUG] 2020-02-17 16:49:58.348 [main] BasicTypeRegistry - Adding type registration timestamp -> org.hibernate.type.TimestampType@726a6b94
[DEBUG] 2020-02-17 16:49:58.348 [main] BasicTypeRegistry - Adding type registration java.sql.Timestamp -> org.hibernate.type.TimestampType@726a6b94
[DEBUG] 2020-02-17 16:49:58.348 [main] BasicTypeRegistry - Adding type registration java.util.Date -> org.hibernate.type.TimestampType@726a6b94
[DEBUG] 2020-02-17 16:49:58.349 [main] BasicTypeRegistry - Adding type registration dbtimestamp -> org.hibernate.type.DbTimestampType@1ee29c84
[DEBUG] 2020-02-17 16:49:58.350 [main] BasicTypeRegistry - Adding type registration calendar -> org.hibernate.type.CalendarType@d02f8d
[DEBUG] 2020-02-17 16:49:58.350 [main] BasicTypeRegistry - Adding type registration java.util.Calendar -> org.hibernate.type.CalendarType@d02f8d
[DEBUG] 2020-02-17 16:49:58.350 [main] BasicTypeRegistry - Adding type registration java.util.GregorianCalendar -> org.hibernate.type.CalendarType@d02f8d
[DEBUG] 2020-02-17 16:49:58.351 [main] BasicTypeRegistry - Adding type registration calendar_date -> org.hibernate.type.CalendarDateType@45f24169
[DEBUG] 2020-02-17 16:49:58.351 [main] BasicTypeRegistry - Adding type registration locale -> org.hibernate.type.LocaleType@13d186db
[DEBUG] 2020-02-17 16:49:58.352 [main] BasicTypeRegistry - Adding type registration java.util.Locale -> org.hibernate.type.LocaleType@13d186db
[DEBUG] 2020-02-17 16:49:58.353 [main] BasicTypeRegistry - Adding type registration currency -> org.hibernate.type.CurrencyType@7b60c3e
[DEBUG] 2020-02-17 16:49:58.353 [main] BasicTypeRegistry - Adding type registration java.util.Currency -> org.hibernate.type.CurrencyType@7b60c3e
[DEBUG] 2020-02-17 16:49:58.354 [main] BasicTypeRegistry - Adding type registration timezone -> org.hibernate.type.TimeZoneType@2adddc06
[DEBUG] 2020-02-17 16:49:58.354 [main] BasicTypeRegistry - Adding type registration java.util.TimeZone -> org.hibernate.type.TimeZoneType@2adddc06
[DEBUG] 2020-02-17 16:49:58.356 [main] BasicTypeRegistry - Adding type registration class -> org.hibernate.type.ClassType@6a714237
[DEBUG] 2020-02-17 16:49:58.356 [main] BasicTypeRegistry - Adding type registration java.lang.Class -> org.hibernate.type.ClassType@6a714237
[DEBUG] 2020-02-17 16:49:58.357 [main] BasicTypeRegistry - Adding type registration uuid-binary -> org.hibernate.type.UUIDBinaryType@35c09b94
[DEBUG] 2020-02-17 16:49:58.357 [main] BasicTypeRegistry - Adding type registration java.util.UUID -> org.hibernate.type.UUIDBinaryType@35c09b94
[DEBUG] 2020-02-17 16:49:58.358 [main] BasicTypeRegistry - Adding type registration uuid-char -> org.hibernate.type.UUIDCharType@4a699efa
[DEBUG] 2020-02-17 16:49:58.358 [main] BasicTypeRegistry - Adding type registration binary -> org.hibernate.type.BinaryType@42f22995
[DEBUG] 2020-02-17 16:49:58.359 [main] BasicTypeRegistry - Adding type registration byte[] -> org.hibernate.type.BinaryType@42f22995
[DEBUG] 2020-02-17 16:49:58.359 [main] BasicTypeRegistry - Adding type registration [B -> org.hibernate.type.BinaryType@42f22995
[DEBUG] 2020-02-17 16:49:58.362 [main] BasicTypeRegistry - Adding type registration wrapper-binary -> org.hibernate.type.WrapperBinaryType@29182679
[DEBUG] 2020-02-17 16:49:58.362 [main] BasicTypeRegistry - Adding type registration Byte[] -> org.hibernate.type.WrapperBinaryType@29182679
[DEBUG] 2020-02-17 16:49:58.362 [main] BasicTypeRegistry - Adding type registration [Ljava.lang.Byte; -> org.hibernate.type.WrapperBinaryType@29182679
[DEBUG] 2020-02-17 16:49:58.364 [main] BasicTypeRegistry - Adding type registration row_version -> org.hibernate.type.RowVersionType@682c1e93
[DEBUG] 2020-02-17 16:49:58.364 [main] BasicTypeRegistry - Adding type registration image -> org.hibernate.type.ImageType@5b78fdb1
[DEBUG] 2020-02-17 16:49:58.365 [main] BasicTypeRegistry - Adding type registration characters -> org.hibernate.type.CharArrayType@3e9803c2
[DEBUG] 2020-02-17 16:49:58.383 [main] BasicTypeRegistry - Adding type registration char[] -> org.hibernate.type.CharArrayType@3e9803c2
[DEBUG] 2020-02-17 16:49:58.384 [main] BasicTypeRegistry - Adding type registration [C -> org.hibernate.type.CharArrayType@3e9803c2
[DEBUG] 2020-02-17 16:49:58.385 [main] BasicTypeRegistry - Adding type registration wrapper-characters -> org.hibernate.type.CharacterArrayType@7808fb9
[DEBUG] 2020-02-17 16:49:58.385 [main] BasicTypeRegistry - Adding type registration [Ljava.lang.Character; -> org.hibernate.type.CharacterArrayType@7808fb9
[DEBUG] 2020-02-17 16:49:58.385 [main] BasicTypeRegistry - Adding type registration Character[] -> org.hibernate.type.CharacterArrayType@7808fb9
[DEBUG] 2020-02-17 16:49:58.388 [main] BasicTypeRegistry - Adding type registration text -> org.hibernate.type.TextType@6e6fce47
[DEBUG] 2020-02-17 16:49:58.389 [main] BasicTypeRegistry - Adding type registration ntext -> org.hibernate.type.NTextType@1a5b8489
[DEBUG] 2020-02-17 16:49:58.392 [main] BasicTypeRegistry - Adding type registration blob -> org.hibernate.type.BlobType@71a3a190
[DEBUG] 2020-02-17 16:49:58.393 [main] BasicTypeRegistry - Adding type registration java.sql.Blob -> org.hibernate.type.BlobType@71a3a190
[DEBUG] 2020-02-17 16:49:58.393 [main] BasicTypeRegistry - Adding type registration materialized_blob -> org.hibernate.type.MaterializedBlobType@67ec8477
[DEBUG] 2020-02-17 16:49:58.394 [main] BasicTypeRegistry - Adding type registration clob -> org.hibernate.type.ClobType@3f36b447
[DEBUG] 2020-02-17 16:49:58.394 [main] BasicTypeRegistry - Adding type registration java.sql.Clob -> org.hibernate.type.ClobType@3f36b447
[DEBUG] 2020-02-17 16:49:58.395 [main] BasicTypeRegistry - Adding type registration nclob -> org.hibernate.type.NClobType@264c5d07
[DEBUG] 2020-02-17 16:49:58.395 [main] BasicTypeRegistry - Adding type registration java.sql.NClob -> org.hibernate.type.NClobType@264c5d07
[DEBUG] 2020-02-17 16:49:58.396 [main] BasicTypeRegistry - Adding type registration materialized_clob -> org.hibernate.type.MaterializedClobType@5d39f2d8
[DEBUG] 2020-02-17 16:49:58.396 [main] BasicTypeRegistry - Adding type registration materialized_nclob -> org.hibernate.type.MaterializedNClobType@175acfb2
[DEBUG] 2020-02-17 16:49:58.397 [main] BasicTypeRegistry - Adding type registration serializable -> org.hibernate.type.SerializableType@4bff2185
[DEBUG] 2020-02-17 16:49:58.400 [main] BasicTypeRegistry - Adding type registration object -> org.hibernate.type.ObjectType@37a64f9d
[DEBUG] 2020-02-17 16:49:58.400 [main] BasicTypeRegistry - Adding type registration java.lang.Object -> org.hibernate.type.ObjectType@37a64f9d
[DEBUG] 2020-02-17 16:49:58.401 [main] BasicTypeRegistry - Adding type registration imm_date -> org.hibernate.type.AdaptedImmutableType@6d2d99fc
[DEBUG] 2020-02-17 16:49:58.401 [main] BasicTypeRegistry - Adding type registration imm_time -> org.hibernate.type.AdaptedImmutableType@bdecc21
[DEBUG] 2020-02-17 16:49:58.401 [main] BasicTypeRegistry - Adding type registration imm_timestamp -> org.hibernate.type.AdaptedImmutableType@5e3a39cd
[DEBUG] 2020-02-17 16:49:58.401 [main] BasicTypeRegistry - Adding type registration imm_dbtimestamp -> org.hibernate.type.AdaptedImmutableType@21f9277b
[DEBUG] 2020-02-17 16:49:58.401 [main] BasicTypeRegistry - Adding type registration imm_calendar -> org.hibernate.type.AdaptedImmutableType@201aa8c1
[DEBUG] 2020-02-17 16:49:58.401 [main] BasicTypeRegistry - Adding type registration imm_calendar_date -> org.hibernate.type.AdaptedImmutableType@5d58c727
[DEBUG] 2020-02-17 16:49:58.401 [main] BasicTypeRegistry - Adding type registration imm_binary -> org.hibernate.type.AdaptedImmutableType@52a36910
[DEBUG] 2020-02-17 16:49:58.401 [main] BasicTypeRegistry - Adding type registration imm_serializable -> org.hibernate.type.AdaptedImmutableType@3a095ec0
[DEBUG] 2020-02-17 16:49:58.425 [main] DefaultIdentifierGeneratorFactory - Registering IdentifierGenerator strategy [uuid2] -> [org.hibernate.id.UUIDGenerator]
[DEBUG] 2020-02-17 16:49:58.425 [main] DefaultIdentifierGeneratorFactory - Registering IdentifierGenerator strategy [guid] -> [org.hibernate.id.GUIDGenerator]
[DEBUG] 2020-02-17 16:49:58.426 [main] DefaultIdentifierGeneratorFactory - Registering IdentifierGenerator strategy [uuid] -> [org.hibernate.id.UUIDHexGenerator]
[DEBUG] 2020-02-17 16:49:58.426 [main] DefaultIdentifierGeneratorFactory - Registering IdentifierGenerator strategy [uuid.hex] -> [org.hibernate.id.UUIDHexGenerator]
[DEBUG] 2020-02-17 16:49:58.426 [main] DefaultIdentifierGeneratorFactory - Registering IdentifierGenerator strategy [assigned] -> [org.hibernate.id.Assigned]
[DEBUG] 2020-02-17 16:49:58.427 [main] DefaultIdentifierGeneratorFactory - Registering IdentifierGenerator strategy [identity] -> [org.hibernate.id.IdentityGenerator]
[DEBUG] 2020-02-17 16:49:58.427 [main] DefaultIdentifierGeneratorFactory - Registering IdentifierGenerator strategy [select] -> [org.hibernate.id.SelectGenerator]
[DEBUG] 2020-02-17 16:49:58.428 [main] DefaultIdentifierGeneratorFactory - Registering IdentifierGenerator strategy [sequence] -> [org.hibernate.id.enhanced.SequenceStyleGenerator]
[DEBUG] 2020-02-17 16:49:58.429 [main] DefaultIdentifierGeneratorFactory - Registering IdentifierGenerator strategy [seqhilo] -> [org.hibernate.id.SequenceHiLoGenerator]
[DEBUG] 2020-02-17 16:49:58.430 [main] DefaultIdentifierGeneratorFactory - Registering IdentifierGenerator strategy [increment] -> [org.hibernate.id.IncrementGenerator]
[DEBUG] 2020-02-17 16:49:58.430 [main] DefaultIdentifierGeneratorFactory - Registering IdentifierGenerator strategy [foreign] -> [org.hibernate.id.ForeignGenerator]
[DEBUG] 2020-02-17 16:49:58.431 [main] DefaultIdentifierGeneratorFactory - Registering IdentifierGenerator strategy [sequence-identity] -> [org.hibernate.id.SequenceIdentityGenerator]
[DEBUG] 2020-02-17 16:49:58.431 [main] DefaultIdentifierGeneratorFactory - Registering IdentifierGenerator strategy [enhanced-sequence] -> [org.hibernate.id.enhanced.SequenceStyleGenerator]
[DEBUG] 2020-02-17 16:49:58.431 [main] DefaultIdentifierGeneratorFactory - Registering IdentifierGenerator strategy [enhanced-table] -> [org.hibernate.id.enhanced.TableGenerator]
[INFO ] 2020-02-17 16:49:58.435 [main] C3P0ConnectionProvider - HHH010002: C3P0 using driver: com.mysql.jdbc.Driver at URL: jdbc:mysql://localhost:3306/adhound
[INFO ] 2020-02-17 16:49:58.435 [main] C3P0ConnectionProvider - HHH10001001: Connection properties: {password=****, user=devfecta}
[INFO ] 2020-02-17 16:49:58.435 [main] C3P0ConnectionProvider - HHH10001003: Autocommit mode: false
[INFO ] 2020-02-17 16:49:58.568 [main] C3P0ConnectionProvider - HHH10001007: JDBC isolation level: <unknown>
[DEBUG] 2020-02-17 16:49:59.001 [main] JdbcEnvironmentInitiator - Database ->
       name : MySQL
    version : 8.0.19-0ubuntu0.19.10.3
      major : 8
      minor : 0
[DEBUG] 2020-02-17 16:49:59.002 [main] JdbcEnvironmentInitiator - Driver ->
       name : MySQL Connector/J
    version : mysql-connector-java-8.0.16 (Revision: 34cbc6bc61f72836e26327537a432d6db7c77de6)
      major : 8
      minor : 0
[DEBUG] 2020-02-17 16:49:59.002 [main] JdbcEnvironmentInitiator - JDBC version : 4.2
[INFO ] 2020-02-17 16:49:59.031 [main] Dialect - HHH000400: Using dialect: org.hibernate.dialect.MySQL8Dialect
[DEBUG] 2020-02-17 16:49:59.043 [main] IdentifierHelperBuilder - JDBC driver metadata reported database stores quoted identifiers in more than one case
[DEBUG] 2020-02-17 16:49:59.060 [main] IdentifierHelperBuilder - IdentifierCaseStrategy for both quoted and unquoted identifiers was set to the same strategy [MIXED]; that will likely lead to problems in schema update and validation if using quoted identifiers
[DEBUG] 2020-02-17 16:49:59.084 [main] Namespace - Created database namespace [logicalName=Name{catalog=null, schema=null}, physicalName=Name{catalog=null, schema=null}]
[DEBUG] 2020-02-17 16:49:59.087 [main] TypeConfiguration$Scope - Scoping TypeConfiguration [org.hibernate.type.spi.TypeConfiguration@3c46dcbe] to MetadataBuildingContext [org.hibernate.boot.internal.MetadataBuildingContextRootImpl@68577ba8]
[DEBUG] 2020-02-17 16:49:59.129 [main] AnnotationBinder - Binding entity from annotated class: com.adhound.entity.User
[DEBUG] 2020-02-17 16:49:59.148 [main] Ejb3Column - Binding column: Ejb3DiscriminatorColumn{logicalColumnName'DTYPE', discriminatorTypeName='string'}
[DEBUG] 2020-02-17 16:49:59.156 [main] EntityBinder - Import with entity name User
[DEBUG] 2020-02-17 16:49:59.158 [main] EntityBinder - Bind entity com.adhound.entity.User on table users
[DEBUG] 2020-02-17 16:49:59.185 [main] Ejb3Column - Binding column: Ejb3Column{table=org.hibernate.mapping.Table(users), mappingColumn=id, insertable=true, updatable=true, unique=false}
[DEBUG] 2020-02-17 16:49:59.188 [main] PropertyBinder - MetadataSourceProcessor property id with lazy=false
[DEBUG] 2020-02-17 16:49:59.190 [main] AbstractPropertyHolder - Attempting to locate auto-apply AttributeConverter for property [com.adhound.entity.User:id]
[DEBUG] 2020-02-17 16:49:59.192 [main] SimpleValueBinder - building SimpleValue for id
[DEBUG] 2020-02-17 16:49:59.194 [main] PropertyBinder - Building property id
[DEBUG] 2020-02-17 16:49:59.196 [main] BinderHelper - #makeIdGenerator(org.hibernate.mapping.SimpleValue([org.hibernate.mapping.Column(id)]), id, org.hibernate.id.enhanced.SequenceStyleGenerator, native, ...)
[DEBUG] 2020-02-17 16:49:59.197 [main] Ejb3Column - Binding column: Ejb3Column{table=org.hibernate.mapping.Table(users), mappingColumn=address, insertable=true, updatable=true, unique=false}
[DEBUG] 2020-02-17 16:49:59.197 [main] PropertyBinder - MetadataSourceProcessor property address with lazy=false
[DEBUG] 2020-02-17 16:49:59.197 [main] AbstractPropertyHolder - Attempting to locate auto-apply AttributeConverter for property [com.adhound.entity.User:address]
[DEBUG] 2020-02-17 16:49:59.198 [main] SimpleValueBinder - building SimpleValue for address
[DEBUG] 2020-02-17 16:49:59.198 [main] PropertyBinder - Building property address
[DEBUG] 2020-02-17 16:49:59.198 [main] Ejb3Column - Binding column: Ejb3Column{table=org.hibernate.mapping.Table(users), mappingColumn=city, insertable=true, updatable=true, unique=false}
[DEBUG] 2020-02-17 16:49:59.199 [main] PropertyBinder - MetadataSourceProcessor property city with lazy=false
[DEBUG] 2020-02-17 16:49:59.199 [main] AbstractPropertyHolder - Attempting to locate auto-apply AttributeConverter for property [com.adhound.entity.User:city]
[DEBUG] 2020-02-17 16:49:59.199 [main] SimpleValueBinder - building SimpleValue for city
[DEBUG] 2020-02-17 16:49:59.199 [main] PropertyBinder - Building property city
[DEBUG] 2020-02-17 16:49:59.199 [main] Ejb3Column - Binding column: Ejb3Column{table=org.hibernate.mapping.Table(users), mappingColumn=email, insertable=true, updatable=true, unique=false}
[DEBUG] 2020-02-17 16:49:59.200 [main] PropertyBinder - MetadataSourceProcessor property email with lazy=false
[DEBUG] 2020-02-17 16:49:59.200 [main] AbstractPropertyHolder - Attempting to locate auto-apply AttributeConverter for property [com.adhound.entity.User:email]
[DEBUG] 2020-02-17 16:49:59.203 [main] SimpleValueBinder - building SimpleValue for email
[DEBUG] 2020-02-17 16:49:59.204 [main] PropertyBinder - Building property email
[DEBUG] 2020-02-17 16:49:59.204 [main] Ejb3Column - Binding column: Ejb3Column{table=org.hibernate.mapping.Table(users), mappingColumn=fax, insertable=true, updatable=true, unique=false}
[DEBUG] 2020-02-17 16:49:59.206 [main] PropertyBinder - MetadataSourceProcessor property fax with lazy=false
[DEBUG] 2020-02-17 16:49:59.206 [main] AbstractPropertyHolder - Attempting to locate auto-apply AttributeConverter for property [com.adhound.entity.User:fax]
[DEBUG] 2020-02-17 16:49:59.206 [main] SimpleValueBinder - building SimpleValue for fax
[DEBUG] 2020-02-17 16:49:59.207 [main] PropertyBinder - Building property fax
[DEBUG] 2020-02-17 16:49:59.207 [main] Ejb3Column - Binding column: Ejb3Column{table=org.hibernate.mapping.Table(users), mappingColumn=first_name, insertable=true, updatable=true, unique=false}
[DEBUG] 2020-02-17 16:49:59.207 [main] PropertyBinder - MetadataSourceProcessor property firstName with lazy=false
[DEBUG] 2020-02-17 16:49:59.207 [main] AbstractPropertyHolder - Attempting to locate auto-apply AttributeConverter for property [com.adhound.entity.User:firstName]
[DEBUG] 2020-02-17 16:49:59.207 [main] SimpleValueBinder - building SimpleValue for firstName
[DEBUG] 2020-02-17 16:49:59.207 [main] PropertyBinder - Building property firstName
[DEBUG] 2020-02-17 16:49:59.207 [main] Ejb3Column - Binding column: Ejb3Column{table=org.hibernate.mapping.Table(users), mappingColumn=last_name, insertable=true, updatable=true, unique=false}
[DEBUG] 2020-02-17 16:49:59.207 [main] PropertyBinder - MetadataSourceProcessor property lastName with lazy=false
[DEBUG] 2020-02-17 16:49:59.207 [main] AbstractPropertyHolder - Attempting to locate auto-apply AttributeConverter for property [com.adhound.entity.User:lastName]
[DEBUG] 2020-02-17 16:49:59.207 [main] SimpleValueBinder - building SimpleValue for lastName
[DEBUG] 2020-02-17 16:49:59.207 [main] PropertyBinder - Building property lastName
[DEBUG] 2020-02-17 16:49:59.208 [main] Ejb3Column - Binding column: Ejb3Column{table=org.hibernate.mapping.Table(users), mappingColumn=password, insertable=true, updatable=true, unique=false}
[DEBUG] 2020-02-17 16:49:59.208 [main] PropertyBinder - MetadataSourceProcessor property password with lazy=false
[DEBUG] 2020-02-17 16:49:59.208 [main] AbstractPropertyHolder - Attempting to locate auto-apply AttributeConverter for property [com.adhound.entity.User:password]
[DEBUG] 2020-02-17 16:49:59.208 [main] SimpleValueBinder - building SimpleValue for password
[DEBUG] 2020-02-17 16:49:59.208 [main] PropertyBinder - Building property password
[DEBUG] 2020-02-17 16:49:59.208 [main] Ejb3Column - Binding column: Ejb3Column{table=org.hibernate.mapping.Table(users), mappingColumn=phone, insertable=true, updatable=true, unique=false}
[DEBUG] 2020-02-17 16:49:59.208 [main] PropertyBinder - MetadataSourceProcessor property phone with lazy=false
[DEBUG] 2020-02-17 16:49:59.208 [main] AbstractPropertyHolder - Attempting to locate auto-apply AttributeConverter for property [com.adhound.entity.User:phone]
[DEBUG] 2020-02-17 16:49:59.208 [main] SimpleValueBinder - building SimpleValue for phone
[DEBUG] 2020-02-17 16:49:59.208 [main] PropertyBinder - Building property phone
[DEBUG] 2020-02-17 16:49:59.213 [main] Ejb3Column - Binding column: Ejb3JoinColumn{logicalColumnName='state_id', referencedColumn='', mappedBy=''}
[DEBUG] 2020-02-17 16:49:59.213 [main] Ejb3Column - Binding column: Ejb3Column{table=org.hibernate.mapping.Table(users), mappingColumn=state, insertable=true, updatable=true, unique=false}
[DEBUG] 2020-02-17 16:49:59.219 [main] PropertyBinder - Building property state
[DEBUG] 2020-02-17 16:49:59.219 [main] Ejb3Column - Binding column: Ejb3Column{table=org.hibernate.mapping.Table(users), mappingColumn=state_id, insertable=true, updatable=true, unique=false}
[DEBUG] 2020-02-17 16:49:59.220 [main] PropertyBinder - MetadataSourceProcessor property stateId with lazy=false
[DEBUG] 2020-02-17 16:49:59.220 [main] AbstractPropertyHolder - Attempting to locate auto-apply AttributeConverter for property [com.adhound.entity.User:stateId]
[DEBUG] 2020-02-17 16:49:59.220 [main] SimpleValueBinder - building SimpleValue for stateId
[DEBUG] 2020-02-17 16:49:59.220 [main] PropertyBinder - Building property stateId
[DEBUG] 2020-02-17 16:49:59.220 [main] Ejb3Column - Binding column: Ejb3Column{table=org.hibernate.mapping.Table(users), mappingColumn=username, insertable=true, updatable=true, unique=false}
[DEBUG] 2020-02-17 16:49:59.220 [main] PropertyBinder - MetadataSourceProcessor property username with lazy=false
[DEBUG] 2020-02-17 16:49:59.221 [main] AbstractPropertyHolder - Attempting to locate auto-apply AttributeConverter for property [com.adhound.entity.User:username]
[DEBUG] 2020-02-17 16:49:59.221 [main] SimpleValueBinder - building SimpleValue for username
[DEBUG] 2020-02-17 16:49:59.221 [main] PropertyBinder - Building property username
[DEBUG] 2020-02-17 16:49:59.221 [main] Ejb3Column - Binding column: Ejb3Column{table=org.hibernate.mapping.Table(users), mappingColumn=zipcode, insertable=true, updatable=true, unique=false}
[DEBUG] 2020-02-17 16:49:59.221 [main] PropertyBinder - MetadataSourceProcessor property zipcode with lazy=false
[DEBUG] 2020-02-17 16:49:59.221 [main] AbstractPropertyHolder - Attempting to locate auto-apply AttributeConverter for property [com.adhound.entity.User:zipcode]
[DEBUG] 2020-02-17 16:49:59.221 [main] SimpleValueBinder - building SimpleValue for zipcode
[DEBUG] 2020-02-17 16:49:59.221 [main] PropertyBinder - Building property zipcode
[DEBUG] 2020-02-17 16:49:59.222 [main] AnnotationBinder - Binding entity from annotated class: com.adhound.entity.State
[DEBUG] 2020-02-17 16:49:59.222 [main] Ejb3Column - Binding column: Ejb3DiscriminatorColumn{logicalColumnName'DTYPE', discriminatorTypeName='string'}
[DEBUG] 2020-02-17 16:49:59.222 [main] EntityBinder - Import with entity name State
[DEBUG] 2020-02-17 16:49:59.222 [main] EntityBinder - Bind entity com.adhound.entity.State on table states
[DEBUG] 2020-02-17 16:49:59.223 [main] Ejb3Column - Binding column: Ejb3Column{table=org.hibernate.mapping.Table(states), mappingColumn=id, insertable=true, updatable=true, unique=false}
[DEBUG] 2020-02-17 16:49:59.223 [main] PropertyBinder - MetadataSourceProcessor property id with lazy=false
[DEBUG] 2020-02-17 16:49:59.223 [main] AbstractPropertyHolder - Attempting to locate auto-apply AttributeConverter for property [com.adhound.entity.State:id]
[DEBUG] 2020-02-17 16:49:59.223 [main] SimpleValueBinder - building SimpleValue for id
[DEBUG] 2020-02-17 16:49:59.224 [main] PropertyBinder - Building property id
[DEBUG] 2020-02-17 16:49:59.224 [main] BinderHelper - #makeIdGenerator(org.hibernate.mapping.SimpleValue([org.hibernate.mapping.Column(id)]), id, org.hibernate.id.enhanced.SequenceStyleGenerator, native, ...)
[DEBUG] 2020-02-17 16:49:59.224 [main] Ejb3Column - Binding column: Ejb3Column{table=org.hibernate.mapping.Table(states), mappingColumn=states_Abbreviation, insertable=true, updatable=true, unique=false}
[DEBUG] 2020-02-17 16:49:59.224 [main] PropertyBinder - MetadataSourceProcessor property abbreviation with lazy=false
[DEBUG] 2020-02-17 16:49:59.224 [main] AbstractPropertyHolder - Attempting to locate auto-apply AttributeConverter for property [com.adhound.entity.State:abbreviation]
[DEBUG] 2020-02-17 16:49:59.224 [main] SimpleValueBinder - building SimpleValue for abbreviation
[DEBUG] 2020-02-17 16:49:59.224 [main] PropertyBinder - Building property abbreviation
[DEBUG] 2020-02-17 16:49:59.224 [main] Ejb3Column - Binding column: Ejb3Column{table=org.hibernate.mapping.Table(states), mappingColumn=states_Name, insertable=true, updatable=true, unique=false}
[DEBUG] 2020-02-17 16:49:59.224 [main] PropertyBinder - MetadataSourceProcessor property name with lazy=false
[DEBUG] 2020-02-17 16:49:59.224 [main] AbstractPropertyHolder - Attempting to locate auto-apply AttributeConverter for property [com.adhound.entity.State:name]
[DEBUG] 2020-02-17 16:49:59.225 [main] SimpleValueBinder - building SimpleValue for name
[DEBUG] 2020-02-17 16:49:59.225 [main] PropertyBinder - Building property name
[DEBUG] 2020-02-17 16:49:59.226 [main] SimpleValueBinder - Starting fillSimpleValue for id
[DEBUG] 2020-02-17 16:49:59.226 [main] SimpleValueBinder - Starting fillSimpleValue for address
[DEBUG] 2020-02-17 16:49:59.226 [main] SimpleValueBinder - Starting fillSimpleValue for city
[DEBUG] 2020-02-17 16:49:59.226 [main] SimpleValueBinder - Starting fillSimpleValue for email
[DEBUG] 2020-02-17 16:49:59.226 [main] SimpleValueBinder - Starting fillSimpleValue for fax
[DEBUG] 2020-02-17 16:49:59.226 [main] SimpleValueBinder - Starting fillSimpleValue for firstName
[DEBUG] 2020-02-17 16:49:59.227 [main] SimpleValueBinder - Starting fillSimpleValue for lastName
[DEBUG] 2020-02-17 16:49:59.227 [main] SimpleValueBinder - Starting fillSimpleValue for password
[DEBUG] 2020-02-17 16:49:59.227 [main] SimpleValueBinder - Starting fillSimpleValue for phone
[DEBUG] 2020-02-17 16:49:59.227 [main] SimpleValueBinder - Starting fillSimpleValue for stateId
[DEBUG] 2020-02-17 16:49:59.227 [main] SimpleValueBinder - Starting fillSimpleValue for username
[DEBUG] 2020-02-17 16:49:59.227 [main] SimpleValueBinder - Starting fillSimpleValue for zipcode
[DEBUG] 2020-02-17 16:49:59.227 [main] SimpleValueBinder - Starting fillSimpleValue for id
[DEBUG] 2020-02-17 16:49:59.227 [main] SimpleValueBinder - Starting fillSimpleValue for abbreviation
[DEBUG] 2020-02-17 16:49:59.227 [main] SimpleValueBinder - Starting fillSimpleValue for name
[DEBUG] 2020-02-17 16:49:59.230 [main] PrimaryKey - Forcing column [id] to be non-null as it is part of the primary key for table [users]
[DEBUG] 2020-02-17 16:49:59.231 [main] PrimaryKey - Forcing column [id] to be non-null as it is part of the primary key for table [states]
[DEBUG] 2020-02-17 16:49:59.231 [main] InFlightMetadataCollectorImpl - Resolving reference to class: com.adhound.entity.State
[DEBUG] 2020-02-17 16:49:59.234 [main] InFlightMetadataCollectorImpl - Resolving reference to class: com.adhound.entity.State
[DEBUG] 2020-02-17 16:49:59.257 [main] SessionFactoryImpl - Building session factory
[DEBUG] 2020-02-17 16:49:59.258 [main] Settings - SessionFactory name : null
[DEBUG] 2020-02-17 16:49:59.258 [main] Settings - Automatic flush during beforeCompletion(): enabled
[DEBUG] 2020-02-17 16:49:59.258 [main] Settings - Automatic session close at end of transaction: disabled
[DEBUG] 2020-02-17 16:49:59.258 [main] Settings - Statistics: disabled
[DEBUG] 2020-02-17 16:49:59.258 [main] Settings - Deleted entity synthetic identifier rollback: disabled
[DEBUG] 2020-02-17 16:49:59.258 [main] Settings - Default entity-mode: pojo
[DEBUG] 2020-02-17 16:49:59.258 [main] Settings - Check Nullability in Core (should be disabled when Bean Validation is on): enabled
[DEBUG] 2020-02-17 16:49:59.258 [main] Settings - Allow initialization of lazy state outside session : disabled
[DEBUG] 2020-02-17 16:49:59.258 [main] Settings - Using BatchFetchStyle : LEGACY
[DEBUG] 2020-02-17 16:49:59.258 [main] Settings - Default batch fetch size: -1
[DEBUG] 2020-02-17 16:49:59.258 [main] Settings - Maximum outer join fetch depth: 2
[DEBUG] 2020-02-17 16:49:59.258 [main] Settings - Default null ordering: NONE
[DEBUG] 2020-02-17 16:49:59.258 [main] Settings - Order SQL updates by primary key: disabled
[DEBUG] 2020-02-17 16:49:59.258 [main] Settings - Order SQL inserts for batching: disabled
[DEBUG] 2020-02-17 16:49:59.258 [main] Settings - multi-tenancy strategy : NONE
[DEBUG] 2020-02-17 16:49:59.258 [main] Settings - JTA Track by Thread: enabled
[DEBUG] 2020-02-17 16:49:59.258 [main] Settings - Query language substitutions: {}
[DEBUG] 2020-02-17 16:49:59.258 [main] Settings - Named query checking : enabled
[DEBUG] 2020-02-17 16:49:59.258 [main] Settings - Second-level cache: disabled
[DEBUG] 2020-02-17 16:49:59.258 [main] Settings - Second-level query cache: disabled
[DEBUG] 2020-02-17 16:49:59.259 [main] Settings - Second-level query cache factory: null
[DEBUG] 2020-02-17 16:49:59.259 [main] Settings - Second-level cache region prefix: null
[DEBUG] 2020-02-17 16:49:59.259 [main] Settings - Optimize second-level cache for minimal puts: disabled
[DEBUG] 2020-02-17 16:49:59.259 [main] Settings - Structured second-level cache entries: disabled
[DEBUG] 2020-02-17 16:49:59.259 [main] Settings - Second-level cache direct-reference entries: disabled
[DEBUG] 2020-02-17 16:49:59.259 [main] Settings - Automatic eviction of collection cache: disabled
[DEBUG] 2020-02-17 16:49:59.259 [main] Settings - JDBC batch size: 15
[DEBUG] 2020-02-17 16:49:59.259 [main] Settings - JDBC batch updates for versioned data: enabled
[DEBUG] 2020-02-17 16:49:59.259 [main] Settings - Scrollable result sets: enabled
[DEBUG] 2020-02-17 16:49:59.259 [main] Settings - Wrap result sets: disabled
[DEBUG] 2020-02-17 16:49:59.259 [main] Settings - JDBC3 getGeneratedKeys(): enabled
[DEBUG] 2020-02-17 16:49:59.259 [main] Settings - JDBC result set fetch size: null
[DEBUG] 2020-02-17 16:49:59.259 [main] Settings - Connection release mode: AFTER_TRANSACTION
[DEBUG] 2020-02-17 16:49:59.259 [main] Settings - Generate SQL with comments: disabled
[DEBUG] 2020-02-17 16:49:59.259 [main] Settings - JPA compliance - query : 
[DEBUG] 2020-02-17 16:49:59.259 [main] Settings - JPA compliance - closed-handling : 
[DEBUG] 2020-02-17 16:49:59.259 [main] Settings - JPA compliance - lists : 
[DEBUG] 2020-02-17 16:49:59.259 [main] Settings - JPA compliance - transactions : 
[INFO ] 2020-02-17 16:49:59.293 [main] beans - HHH10005002: No explicit CDI BeanManager reference was passed to Hibernate, but CDI is available on the Hibernate ClassLoader.
[DEBUG] 2020-02-17 16:49:59.304 [main] SessionFactoryImpl - Session factory constructed with filter configurations : {}
[DEBUG] 2020-02-17 16:49:59.304 [main] SessionFactoryImpl - Instantiating session factory with properties: {sun.desktop=gnome, awt.toolkit=sun.awt.X11.XToolkit, java.specification.version=11, sun.cpu.isalist=, hibernate.c3p0.idle_test_period=3000, sun.jnu.encoding=UTF-8, hibernate.c3p0.min_size=5, java.class.path=/home/devfecta/.local/share/JetBrains/Toolbox/apps/IDEA-U/ch-0/193.6015.39/lib/idea_rt.jar:/home/devfecta/.local/share/JetBrains/Toolbox/apps/IDEA-U/ch-0/193.6015.39/plugins/junit/lib/junit5-rt.jar:/home/devfecta/.local/share/JetBrains/Toolbox/apps/IDEA-U/ch-0/193.6015.39/plugins/junit/lib/junit-rt.jar:/home/devfecta/IdeaProjects/adhound/target/test-classes:/home/devfecta/IdeaProjects/adhound/target/classes:/home/devfecta/.m2/repository/org/junit/platform/junit-platform-runner/1.0.0/junit-platform-runner-1.0.0.jar:/home/devfecta/.m2/repository/org/apiguardian/apiguardian-api/1.0.0/apiguardian-api-1.0.0.jar:/home/devfecta/.m2/repository/org/junit/platform/junit-platform-launcher/1.0.0/junit-platform-launcher-1.0.0.jar:/home/devfecta/.m2/repository/org/junit/platform/junit-platform-suite-api/1.0.0/junit-platform-suite-api-1.0.0.jar:/home/devfecta/.m2/repository/org/junit/platform/junit-platform-commons/1.0.0/junit-platform-commons-1.0.0.jar:/home/devfecta/.m2/repository/org/junit/vintage/junit-vintage-engine/4.12.0/junit-vintage-engine-4.12.0.jar:/home/devfecta/.m2/repository/org/junit/platform/junit-platform-engine/1.0.0/junit-platform-engine-1.0.0.jar:/home/devfecta/.m2/repository/org/opentest4j/opentest4j/1.0.0/opentest4j-1.0.0.jar:/home/devfecta/.m2/repository/org/junit/jupiter/junit-jupiter-engine/5.0.0/junit-jupiter-engine-5.0.0.jar:/home/devfecta/.m2/repository/org/junit/jupiter/junit-jupiter-api/5.0.0/junit-jupiter-api-5.0.0.jar:/home/devfecta/.m2/repository/junit/junit/4.12/junit-4.12.jar:/home/devfecta/.m2/repository/org/hamcrest/hamcrest-core/1.3/hamcrest-core-1.3.jar:/home/devfecta/.m2/repository/javax/javaee-web-api/7.0/javaee-web-api-7.0.jar:/home/devfecta/.m2/repository/mysql/mysql-connector-java/8.0.16/mysql-connector-java-8.0.16.jar:/home/devfecta/.m2/repository/com/google/protobuf/protobuf-java/3.6.1/protobuf-java-3.6.1.jar:/home/devfecta/.m2/repository/jstl/jstl/1.2/jstl-1.2.jar:/home/devfecta/.m2/repository/org/apache/logging/log4j/log4j-api/2.10.0/log4j-api-2.10.0.jar:/home/devfecta/.m2/repository/org/apache/logging/log4j/log4j-core/2.10.0/log4j-core-2.10.0.jar:/home/devfecta/.m2/repository/org/hibernate/hibernate-core/5.4.4.Final/hibernate-core-5.4.4.Final.jar:/home/devfecta/.m2/repository/org/jboss/logging/jboss-logging/3.3.2.Final/jboss-logging-3.3.2.Final.jar:/home/devfecta/.m2/repository/javax/persistence/javax.persistence-api/2.2/javax.persistence-api-2.2.jar:/home/devfecta/.m2/repository/org/javassist/javassist/3.24.0-GA/javassist-3.24.0-GA.jar:/home/devfecta/.m2/repository/net/bytebuddy/byte-buddy/1.9.11/byte-buddy-1.9.11.jar:/home/devfecta/.m2/repository/antlr/antlr/2.7.7/antlr-2.7.7.jar:/home/devfecta/.m2/repository/org/jboss/spec/javax/transaction/jboss-transaction-api_1.2_spec/1.1.1.Final/jboss-transaction-api_1.2_spec-1.1.1.Final.jar:/home/devfecta/.m2/repository/org/jboss/jandex/2.0.5.Final/jandex-2.0.5.Final.jar:/home/devfecta/.m2/repository/com/fasterxml/classmate/1.3.4/classmate-1.3.4.jar:/home/devfecta/.m2/repository/javax/activation/javax.activation-api/1.2.0/javax.activation-api-1.2.0.jar:/home/devfecta/.m2/repository/org/dom4j/dom4j/2.1.1/dom4j-2.1.1.jar:/home/devfecta/.m2/repository/org/hibernate/common/hibernate-commons-annotations/5.1.0.Final/hibernate-commons-annotations-5.1.0.Final.jar:/home/devfecta/.m2/repository/javax/xml/bind/jaxb-api/2.3.1/jaxb-api-2.3.1.jar:/home/devfecta/.m2/repository/org/glassfish/jaxb/jaxb-runtime/2.3.1/jaxb-runtime-2.3.1.jar:/home/devfecta/.m2/repository/org/glassfish/jaxb/txw2/2.3.1/txw2-2.3.1.jar:/home/devfecta/.m2/repository/com/sun/istack/istack-commons-runtime/3.0.7/istack-commons-runtime-3.0.7.jar:/home/devfecta/.m2/repository/org/jvnet/staxex/stax-ex/1.8/stax-ex-1.8.jar:/home/devfecta/.m2/repository/com/sun/xml/fastinfoset/FastInfoset/1.2.15/FastInfoset-1.2.15.jar:/home/devfecta/.m2/repository/org/hibernate/hibernate-c3p0/5.4.4.Final/hibernate-c3p0-5.4.4.Final.jar:/home/devfecta/.m2/repository/com/mchange/c3p0/0.9.5.3/c3p0-0.9.5.3.jar:/home/devfecta/.m2/repository/com/mchange/mchange-commons-java/0.2.15/mchange-commons-java-0.2.15.jar:/home/devfecta/.m2/repository/org/mybatis/mybatis/3.5.4/mybatis-3.5.4.jar, java.vm.vendor=Ubuntu, sun.arch.data.model=64, idea.test.cyclic.buffer.size=1048576, java.vendor.url=https://ubuntu.com/, user.timezone=America/Chicago, os.name=Linux, java.vm.specification.version=11, sun.java.launcher=SUN_STANDARD, user.country=US, sun.boot.library.path=/usr/lib/jvm/java-11-openjdk-amd64/lib, sun.java.command=com.intellij.rt.junit.JUnitStarter -ideVersion5 -junit5 com.adhound.persistence.UserDataTest,CtestDelete, jdk.debug=release, sun.cpu.endian=little, user.home=/home/devfecta, hibernate.c3p0.max_statements=50, user.language=en, java.specification.vendor=Oracle Corporation, java.version.date=2020-01-14, java.home=/usr/lib/jvm/java-11-openjdk-amd64, file.separator=/, java.vm.compressedOopsMode=Zero based, line.separator=
, hibernate.c3p0.timeout=300, java.specification.name=Java Platform API Specification, java.vm.specification.vendor=Oracle Corporation, java.awt.graphicsenv=sun.awt.X11GraphicsEnvironment, connection.password=m3tallica, sun.management.compiler=HotSpot 64-Bit Tiered Compilers, hibernate.c3p0.max_size=20, java.runtime.version=11.0.6+10-post-Ubuntu-1ubuntu119.10.1, user.name=devfecta, path.separator=:, hibernate.connection.username=****, os.version=5.3.0-29-generic, java.runtime.name=OpenJDK Runtime Environment, hibernate.connection.url=jdbc:mysql://localhost:3306/adhound, file.encoding=UTF-8, java.vm.name=OpenJDK 64-Bit Server VM, hibernate.connection.driver_class=com.mysql.jdbc.Driver, java.vendor.url.bug=https://bugs.launchpad.net/ubuntu/+source/openjdk-lts, java.io.tmpdir=/tmp, java.version=11.0.6, user.dir=/home/devfecta/IdeaProjects/adhound, os.arch=amd64, connection.username=devfecta, java.vm.specification.name=Java Virtual Machine Specification, java.awt.printerjob=sun.print.PSPrinterJob, hibernate.connection.password=****, sun.os.patch.level=unknown, connection.driver_class=com.mysql.jdbc.Driver, hibernate.boot.CfgXmlAccessService.key=org.hibernate.boot.cfgxml.spi.LoadedConfig@a50d709, java.library.path=/usr/java/packages/lib:/usr/lib/x86_64-linux-gnu/jni:/lib/x86_64-linux-gnu:/usr/lib/x86_64-linux-gnu:/usr/lib/jni:/lib:/usr/lib, java.vendor=Ubuntu, java.vm.info=mixed mode, sharing, java.vm.version=11.0.6+10-post-Ubuntu-1ubuntu119.10.1, hibernate.bytecode.use_reflection_optimizer=false, sun.io.unicode.encoding=UnicodeLittle, connection.url=jdbc:mysql://localhost:3306/adhound, java.class.version=55.0}
[DEBUG] 2020-02-17 16:49:59.319 [main] TypeSafeActivator - Unable to acquire Bean Validation ValidatorFactory, skipping activation
[DEBUG] 2020-02-17 16:49:59.321 [main] JaccIntegrator - Skipping JACC integration as it was not enabled
[DEBUG] 2020-02-17 16:49:59.322 [main] SessionFactoryImpl - Instantiated session factory
[DEBUG] 2020-02-17 16:49:59.323 [main] TypeConfiguration$Scope - Scoping TypeConfiguration [org.hibernate.type.spi.TypeConfiguration@3c46dcbe] to SessionFactoryImpl [org.hibernate.internal.SessionFactoryImpl@6732726]
[DEBUG] 2020-02-17 16:49:59.362 [main] ClassLoaderAccessImpl - Not known whether passed class name [com.adhound.entity.User] is safe
[DEBUG] 2020-02-17 16:49:59.362 [main] ClassLoaderAccessImpl - No temp ClassLoader provided; using live ClassLoader for loading potentially unsafe class : com.adhound.entity.User
[DEBUG] 2020-02-17 16:49:59.377 [main] ClassLoaderAccessImpl - Not known whether passed class name [com.adhound.entity.User] is safe
[DEBUG] 2020-02-17 16:49:59.377 [main] ClassLoaderAccessImpl - No temp ClassLoader provided; using live ClassLoader for loading potentially unsafe class : com.adhound.entity.User
[DEBUG] 2020-02-17 16:49:59.604 [main] ClassLoaderAccessImpl - Not known whether passed class name [com.adhound.entity.State] is safe
[DEBUG] 2020-02-17 16:49:59.604 [main] ClassLoaderAccessImpl - No temp ClassLoader provided; using live ClassLoader for loading potentially unsafe class : com.adhound.entity.State
[DEBUG] 2020-02-17 16:49:59.604 [main] ClassLoaderAccessImpl - Not known whether passed class name [com.adhound.entity.State] is safe
[DEBUG] 2020-02-17 16:49:59.604 [main] ClassLoaderAccessImpl - No temp ClassLoader provided; using live ClassLoader for loading potentially unsafe class : com.adhound.entity.State
[DEBUG] 2020-02-17 16:49:59.616 [main] AbstractEntityPersister - Static SQL for entity: com.adhound.entity.User
[DEBUG] 2020-02-17 16:49:59.616 [main] AbstractEntityPersister -  Version select: select id from users where id =?
[DEBUG] 2020-02-17 16:49:59.616 [main] AbstractEntityPersister -  Snapshot select: select user_.id, user_.address as address2_1_, user_.city as city3_1_, user_.email as email4_1_, user_.fax as fax5_1_, user_.first_name as first_na6_1_, user_.last_name as last_nam7_1_, user_.password as password8_1_, user_.phone as phone9_1_, user_.state_id as state_i10_1_, user_.username as usernam11_1_, user_.zipcode as zipcode12_1_ from users user_ where user_.id=?
[DEBUG] 2020-02-17 16:49:59.616 [main] AbstractEntityPersister -  Insert 0: insert into users (address, city, email, fax, first_name, last_name, password, phone, state_id, username, zipcode, id) values (?, ?, ?, ?, ?, ?, ?, ?, ?, ?, ?, ?)
[DEBUG] 2020-02-17 16:49:59.616 [main] AbstractEntityPersister -  Update 0: update users set address=?, city=?, email=?, fax=?, first_name=?, last_name=?, password=?, phone=?, state_id=?, username=?, zipcode=? where id=?
[DEBUG] 2020-02-17 16:49:59.616 [main] AbstractEntityPersister -  Delete 0: delete from users where id=?
[DEBUG] 2020-02-17 16:49:59.616 [main] AbstractEntityPersister -  Identity insert: insert into users (address, city, email, fax, first_name, last_name, password, phone, state_id, username, zipcode) values (?, ?, ?, ?, ?, ?, ?, ?, ?, ?, ?)
[DEBUG] 2020-02-17 16:49:59.633 [main] QuerySpacesImpl - Adding QuerySpace : uid = <gen:0> -> org.hibernate.loader.plan.build.internal.spaces.EntityQuerySpaceImpl@16c1519e]
[DEBUG] 2020-02-17 16:49:59.633 [main] MetamodelGraphWalker - Visiting attribute path : address
[DEBUG] 2020-02-17 16:49:59.633 [main] MetamodelGraphWalker - Visiting attribute path : city
[DEBUG] 2020-02-17 16:49:59.633 [main] MetamodelGraphWalker - Visiting attribute path : email
[DEBUG] 2020-02-17 16:49:59.633 [main] MetamodelGraphWalker - Visiting attribute path : fax
[DEBUG] 2020-02-17 16:49:59.633 [main] MetamodelGraphWalker - Visiting attribute path : firstName
[DEBUG] 2020-02-17 16:49:59.634 [main] MetamodelGraphWalker - Visiting attribute path : lastName
[DEBUG] 2020-02-17 16:49:59.634 [main] MetamodelGraphWalker - Visiting attribute path : password
[DEBUG] 2020-02-17 16:49:59.634 [main] MetamodelGraphWalker - Visiting attribute path : phone
[DEBUG] 2020-02-17 16:49:59.634 [main] MetamodelGraphWalker - Visiting attribute path : state
[DEBUG] 2020-02-17 16:49:59.636 [main] QuerySpacesImpl - Adding QuerySpace : uid = <gen:1> -> org.hibernate.loader.plan.build.internal.spaces.EntityQuerySpaceImpl@1da1380b]
[DEBUG] 2020-02-17 16:49:59.637 [main] MetamodelGraphWalker - Visiting attribute path : state.abbreviation
[DEBUG] 2020-02-17 16:49:59.637 [main] MetamodelGraphWalker - Visiting attribute path : state.name
[DEBUG] 2020-02-17 16:49:59.637 [main] MetamodelGraphWalker - Visiting attribute path : stateId
[DEBUG] 2020-02-17 16:49:59.637 [main] MetamodelGraphWalker - Visiting attribute path : username
[DEBUG] 2020-02-17 16:49:59.637 [main] MetamodelGraphWalker - Visiting attribute path : zipcode
[DEBUG] 2020-02-17 16:49:59.637 [main] FetchStyleLoadPlanBuildingAssociationVisitationStrategy - Building LoadPlan...
[DEBUG] 2020-02-17 16:49:59.648 [main] LoadQueryJoinAndFetchProcessor - processing queryspace <gen:0>
[DEBUG] 2020-02-17 16:49:59.653 [main] LoadPlanTreePrinter - LoadPlan(entity=com.adhound.entity.User)
    - Returns
       - EntityReturnImpl(entity=com.adhound.entity.User, querySpaceUid=<gen:0>, path=com.adhound.entity.User)
          - EntityAttributeFetchImpl(entity=com.adhound.entity.State, querySpaceUid=<gen:1>, path=com.adhound.entity.User.state)
    - QuerySpaces
       - EntityQuerySpaceImpl(uid=<gen:0>, entity=com.adhound.entity.User)
          - SQL table alias mapping - user0_
          - alias suffix - 0_
          - suffixed key columns - {id1_1_0_}
          - JOIN (JoinDefinedByMetadata(state)) : <gen:0> -> <gen:1>
             - EntityQuerySpaceImpl(uid=<gen:1>, entity=com.adhound.entity.State)
                - SQL table alias mapping - state1_
                - alias suffix - 1_
                - suffixed key columns - {id1_0_1_}

[DEBUG] 2020-02-17 16:49:59.654 [main] EntityLoader - Static select for entity com.adhound.entity.User [NONE]: select user0_.id as id1_1_0_, user0_.address as address2_1_0_, user0_.city as city3_1_0_, user0_.email as email4_1_0_, user0_.fax as fax5_1_0_, user0_.first_name as first_na6_1_0_, user0_.last_name as last_nam7_1_0_, user0_.password as password8_1_0_, user0_.phone as phone9_1_0_, user0_.state_id as state_i10_1_0_, user0_.username as usernam11_1_0_, user0_.zipcode as zipcode12_1_0_, state1_.id as id1_0_1_, state1_.states_Abbreviation as states_A2_0_1_, state1_.states_Name as states_N3_0_1_ from users user0_ inner join states state1_ on user0_.state_id=state1_.id where user0_.id=?
[DEBUG] 2020-02-17 16:49:59.654 [main] QuerySpacesImpl - Adding QuerySpace : uid = <gen:0> -> org.hibernate.loader.plan.build.internal.spaces.EntityQuerySpaceImpl@5974b233]
[DEBUG] 2020-02-17 16:49:59.655 [main] MetamodelGraphWalker - Visiting attribute path : address
[DEBUG] 2020-02-17 16:49:59.655 [main] MetamodelGraphWalker - Visiting attribute path : city
[DEBUG] 2020-02-17 16:49:59.655 [main] MetamodelGraphWalker - Visiting attribute path : email
[DEBUG] 2020-02-17 16:49:59.655 [main] MetamodelGraphWalker - Visiting attribute path : fax
[DEBUG] 2020-02-17 16:49:59.655 [main] MetamodelGraphWalker - Visiting attribute path : firstName
[DEBUG] 2020-02-17 16:49:59.655 [main] MetamodelGraphWalker - Visiting attribute path : lastName
[DEBUG] 2020-02-17 16:49:59.655 [main] MetamodelGraphWalker - Visiting attribute path : password
[DEBUG] 2020-02-17 16:49:59.655 [main] MetamodelGraphWalker - Visiting attribute path : phone
[DEBUG] 2020-02-17 16:49:59.655 [main] MetamodelGraphWalker - Visiting attribute path : state
[DEBUG] 2020-02-17 16:49:59.655 [main] QuerySpacesImpl - Adding QuerySpace : uid = <gen:1> -> org.hibernate.loader.plan.build.internal.spaces.EntityQuerySpaceImpl@69de5bed]
[DEBUG] 2020-02-17 16:49:59.655 [main] MetamodelGraphWalker - Visiting attribute path : state.abbreviation
[DEBUG] 2020-02-17 16:49:59.655 [main] MetamodelGraphWalker - Visiting attribute path : state.name
[DEBUG] 2020-02-17 16:49:59.655 [main] MetamodelGraphWalker - Visiting attribute path : stateId
[DEBUG] 2020-02-17 16:49:59.655 [main] MetamodelGraphWalker - Visiting attribute path : username
[DEBUG] 2020-02-17 16:49:59.655 [main] MetamodelGraphWalker - Visiting attribute path : zipcode
[DEBUG] 2020-02-17 16:49:59.655 [main] FetchStyleLoadPlanBuildingAssociationVisitationStrategy - Building LoadPlan...
[DEBUG] 2020-02-17 16:49:59.655 [main] LoadQueryJoinAndFetchProcessor - processing queryspace <gen:0>
[DEBUG] 2020-02-17 16:49:59.656 [main] LoadPlanTreePrinter - LoadPlan(entity=com.adhound.entity.User)
    - Returns
       - EntityReturnImpl(entity=com.adhound.entity.User, querySpaceUid=<gen:0>, path=com.adhound.entity.User)
          - EntityAttributeFetchImpl(entity=com.adhound.entity.State, querySpaceUid=<gen:1>, path=com.adhound.entity.User.state)
    - QuerySpaces
       - EntityQuerySpaceImpl(uid=<gen:0>, entity=com.adhound.entity.User)
          - SQL table alias mapping - user0_
          - alias suffix - 0_
          - suffixed key columns - {id1_1_0_}
          - JOIN (JoinDefinedByMetadata(state)) : <gen:0> -> <gen:1>
             - EntityQuerySpaceImpl(uid=<gen:1>, entity=com.adhound.entity.State)
                - SQL table alias mapping - state1_
                - alias suffix - 1_
                - suffixed key columns - {id1_0_1_}

[DEBUG] 2020-02-17 16:49:59.656 [main] EntityLoader - Static select for entity com.adhound.entity.User [READ]: select user0_.id as id1_1_0_, user0_.address as address2_1_0_, user0_.city as city3_1_0_, user0_.email as email4_1_0_, user0_.fax as fax5_1_0_, user0_.first_name as first_na6_1_0_, user0_.last_name as last_nam7_1_0_, user0_.password as password8_1_0_, user0_.phone as phone9_1_0_, user0_.state_id as state_i10_1_0_, user0_.username as usernam11_1_0_, user0_.zipcode as zipcode12_1_0_, state1_.id as id1_0_1_, state1_.states_Abbreviation as states_A2_0_1_, state1_.states_Name as states_N3_0_1_ from users user0_ inner join states state1_ on user0_.state_id=state1_.id where user0_.id=?
[DEBUG] 2020-02-17 16:49:59.663 [main] Loader - Static select for action ACTION_MERGE on entity com.adhound.entity.User: select user0_.id as id1_1_0_, user0_.address as address2_1_0_, user0_.city as city3_1_0_, user0_.email as email4_1_0_, user0_.fax as fax5_1_0_, user0_.first_name as first_na6_1_0_, user0_.last_name as last_nam7_1_0_, user0_.password as password8_1_0_, user0_.phone as phone9_1_0_, user0_.state_id as state_i10_1_0_, user0_.username as usernam11_1_0_, user0_.zipcode as zipcode12_1_0_ from users user0_ where user0_.id=?
[DEBUG] 2020-02-17 16:49:59.664 [main] Loader - Static select for action ACTION_REFRESH on entity com.adhound.entity.User: select user0_.id as id1_1_0_, user0_.address as address2_1_0_, user0_.city as city3_1_0_, user0_.email as email4_1_0_, user0_.fax as fax5_1_0_, user0_.first_name as first_na6_1_0_, user0_.last_name as last_nam7_1_0_, user0_.password as password8_1_0_, user0_.phone as phone9_1_0_, user0_.state_id as state_i10_1_0_, user0_.username as usernam11_1_0_, user0_.zipcode as zipcode12_1_0_ from users user0_ where user0_.id=?
[DEBUG] 2020-02-17 16:49:59.664 [main] AbstractEntityPersister - Static SQL for entity: com.adhound.entity.State
[DEBUG] 2020-02-17 16:49:59.664 [main] AbstractEntityPersister -  Version select: select id from states where id =?
[DEBUG] 2020-02-17 16:49:59.664 [main] AbstractEntityPersister -  Snapshot select: select state_.id, state_.states_Abbreviation as states_A2_0_, state_.states_Name as states_N3_0_ from states state_ where state_.id=?
[DEBUG] 2020-02-17 16:49:59.664 [main] AbstractEntityPersister -  Insert 0: insert into states (states_Abbreviation, states_Name, id) values (?, ?, ?)
[DEBUG] 2020-02-17 16:49:59.664 [main] AbstractEntityPersister -  Update 0: update states set states_Abbreviation=?, states_Name=? where id=?
[DEBUG] 2020-02-17 16:49:59.664 [main] AbstractEntityPersister -  Delete 0: delete from states where id=?
[DEBUG] 2020-02-17 16:49:59.664 [main] AbstractEntityPersister -  Identity insert: insert into states (states_Abbreviation, states_Name) values (?, ?)
[DEBUG] 2020-02-17 16:49:59.665 [main] QuerySpacesImpl - Adding QuerySpace : uid = <gen:0> -> org.hibernate.loader.plan.build.internal.spaces.EntityQuerySpaceImpl@5f8d9767]
[DEBUG] 2020-02-17 16:49:59.665 [main] MetamodelGraphWalker - Visiting attribute path : abbreviation
[DEBUG] 2020-02-17 16:49:59.665 [main] MetamodelGraphWalker - Visiting attribute path : name
[DEBUG] 2020-02-17 16:49:59.665 [main] FetchStyleLoadPlanBuildingAssociationVisitationStrategy - Building LoadPlan...
[DEBUG] 2020-02-17 16:49:59.665 [main] LoadQueryJoinAndFetchProcessor - processing queryspace <gen:0>
[DEBUG] 2020-02-17 16:49:59.665 [main] LoadPlanTreePrinter - LoadPlan(entity=com.adhound.entity.State)
    - Returns
       - EntityReturnImpl(entity=com.adhound.entity.State, querySpaceUid=<gen:0>, path=com.adhound.entity.State)
    - QuerySpaces
       - EntityQuerySpaceImpl(uid=<gen:0>, entity=com.adhound.entity.State)
          - SQL table alias mapping - state0_
          - alias suffix - 0_
          - suffixed key columns - {id1_0_0_}

[DEBUG] 2020-02-17 16:49:59.665 [main] EntityLoader - Static select for entity com.adhound.entity.State [NONE]: select state0_.id as id1_0_0_, state0_.states_Abbreviation as states_A2_0_0_, state0_.states_Name as states_N3_0_0_ from states state0_ where state0_.id=?
[DEBUG] 2020-02-17 16:49:59.666 [main] QuerySpacesImpl - Adding QuerySpace : uid = <gen:0> -> org.hibernate.loader.plan.build.internal.spaces.EntityQuerySpaceImpl@62b09715]
[DEBUG] 2020-02-17 16:49:59.666 [main] MetamodelGraphWalker - Visiting attribute path : abbreviation
[DEBUG] 2020-02-17 16:49:59.666 [main] MetamodelGraphWalker - Visiting attribute path : name
[DEBUG] 2020-02-17 16:49:59.666 [main] FetchStyleLoadPlanBuildingAssociationVisitationStrategy - Building LoadPlan...
[DEBUG] 2020-02-17 16:49:59.666 [main] LoadQueryJoinAndFetchProcessor - processing queryspace <gen:0>
[DEBUG] 2020-02-17 16:49:59.666 [main] LoadPlanTreePrinter - LoadPlan(entity=com.adhound.entity.State)
    - Returns
       - EntityReturnImpl(entity=com.adhound.entity.State, querySpaceUid=<gen:0>, path=com.adhound.entity.State)
    - QuerySpaces
       - EntityQuerySpaceImpl(uid=<gen:0>, entity=com.adhound.entity.State)
          - SQL table alias mapping - state0_
          - alias suffix - 0_
          - suffixed key columns - {id1_0_0_}

[DEBUG] 2020-02-17 16:49:59.666 [main] EntityLoader - Static select for entity com.adhound.entity.State [READ]: select state0_.id as id1_0_0_, state0_.states_Abbreviation as states_A2_0_0_, state0_.states_Name as states_N3_0_0_ from states state0_ where state0_.id=?
[DEBUG] 2020-02-17 16:49:59.666 [main] Loader - Static select for action ACTION_MERGE on entity com.adhound.entity.State: select state0_.id as id1_0_0_, state0_.states_Abbreviation as states_A2_0_0_, state0_.states_Name as states_N3_0_0_ from states state0_ where state0_.id=?
[DEBUG] 2020-02-17 16:49:59.666 [main] Loader - Static select for action ACTION_REFRESH on entity com.adhound.entity.State: select state0_.id as id1_0_0_, state0_.states_Abbreviation as states_A2_0_0_, state0_.states_Name as states_N3_0_0_ from states state0_ where state0_.id=?
[DEBUG] 2020-02-17 16:49:59.684 [main] SchemaManagementToolCoordinator - No actions specified; doing nothing
[DEBUG] 2020-02-17 16:49:59.685 [main] JtaPlatformInitiator - No JtaPlatform was specified, checking resolver
[DEBUG] 2020-02-17 16:49:59.685 [main] JtaPlatformResolverInitiator - No JtaPlatformResolver was specified, using default [org.hibernate.engine.transaction.jta.platform.internal.StandardJtaPlatformResolver]
[DEBUG] 2020-02-17 16:49:59.689 [main] StandardJtaPlatformResolver - Could not resolve JtaPlatform, using default [org.hibernate.engine.transaction.jta.platform.internal.NoJtaPlatform]
[INFO ] 2020-02-17 16:49:59.689 [main] JtaPlatformInitiator - HHH000490: Using JtaPlatform implementation: [org.hibernate.engine.transaction.jta.platform.internal.NoJtaPlatform]
[DEBUG] 2020-02-17 16:49:59.689 [main] NamedQueryRepository - Checking 0 named HQL queries
[DEBUG] 2020-02-17 16:49:59.690 [main] NamedQueryRepository - Checking 0 named SQL queries
[DEBUG] 2020-02-17 16:49:59.691 [main] SessionFactoryRegistry - Initializing SessionFactoryRegistry : org.hibernate.internal.SessionFactoryRegistry@317890ea
[DEBUG] 2020-02-17 16:49:59.693 [main] SessionFactoryRegistry - Registering SessionFactory: 2b644123-8c75-4883-8641-c9887359510b (<unnamed>)
[DEBUG] 2020-02-17 16:49:59.693 [main] SessionFactoryRegistry - Not binding SessionFactory to JNDI, no JNDI name configured
[DEBUG] 2020-02-17 16:49:59.736 [main] StatisticsInitiator - Statistics initialized [enabled=false]
[DEBUG] 2020-02-17 16:49:59.758 [main] SQL - select user0_.id as id1_1_0_, user0_.address as address2_1_0_, user0_.city as city3_1_0_, user0_.email as email4_1_0_, user0_.fax as fax5_1_0_, user0_.first_name as first_na6_1_0_, user0_.last_name as last_nam7_1_0_, user0_.password as password8_1_0_, user0_.phone as phone9_1_0_, user0_.state_id as state_i10_1_0_, user0_.username as usernam11_1_0_, user0_.zipcode as zipcode12_1_0_, state1_.id as id1_0_1_, state1_.states_Abbreviation as states_A2_0_1_, state1_.states_Name as states_N3_0_1_ from users user0_ inner join states state1_ on user0_.state_id=state1_.id where user0_.id=?
[DEBUG] 2020-02-17 16:49:59.796 [main] ResultSetProcessorImpl - Starting ResultSet row #0
[DEBUG] 2020-02-17 16:49:59.798 [main] EntityReferenceInitializerImpl - On call to EntityIdentifierReaderImpl#resolve, EntityKey was already known; should only happen on root returns with an optional identifier specified
[DEBUG] 2020-02-17 16:49:59.812 [main] TwoPhaseLoad - Resolving attributes for [com.adhound.entity.User#10]
[DEBUG] 2020-02-17 16:49:59.815 [main] TwoPhaseLoad - Processing attribute `address` : value = 123 Test Street
[DEBUG] 2020-02-17 16:49:59.815 [main] TwoPhaseLoad - Attribute (`address`)  - enhanced for lazy-loading? - false
[DEBUG] 2020-02-17 16:49:59.815 [main] TwoPhaseLoad - Processing attribute `city` : value = testCity
[DEBUG] 2020-02-17 16:49:59.815 [main] TwoPhaseLoad - Attribute (`city`)  - enhanced for lazy-loading? - false
[DEBUG] 2020-02-17 16:49:59.815 [main] TwoPhaseLoad - Processing attribute `email` : value = test@email.com
[DEBUG] 2020-02-17 16:49:59.815 [main] TwoPhaseLoad - Attribute (`email`)  - enhanced for lazy-loading? - false
[DEBUG] 2020-02-17 16:49:59.815 [main] TwoPhaseLoad - Processing attribute `fax` : value = 987-654-3210
[DEBUG] 2020-02-17 16:49:59.815 [main] TwoPhaseLoad - Attribute (`fax`)  - enhanced for lazy-loading? - false
[DEBUG] 2020-02-17 16:49:59.815 [main] TwoPhaseLoad - Processing attribute `firstName` : value = testFirstName
[DEBUG] 2020-02-17 16:49:59.815 [main] TwoPhaseLoad - Attribute (`firstName`)  - enhanced for lazy-loading? - false
[DEBUG] 2020-02-17 16:49:59.815 [main] TwoPhaseLoad - Processing attribute `lastName` : value = testLastName
[DEBUG] 2020-02-17 16:49:59.815 [main] TwoPhaseLoad - Attribute (`lastName`)  - enhanced for lazy-loading? - false
[DEBUG] 2020-02-17 16:49:59.815 [main] TwoPhaseLoad - Processing attribute `password` : value = testPassword
[DEBUG] 2020-02-17 16:49:59.815 [main] TwoPhaseLoad - Attribute (`password`)  - enhanced for lazy-loading? - false
[DEBUG] 2020-02-17 16:49:59.815 [main] TwoPhaseLoad - Processing attribute `phone` : value = 123-456-7890
[DEBUG] 2020-02-17 16:49:59.815 [main] TwoPhaseLoad - Attribute (`phone`)  - enhanced for lazy-loading? - false
[DEBUG] 2020-02-17 16:49:59.816 [main] TwoPhaseLoad - Processing attribute `state` : value = 33
[DEBUG] 2020-02-17 16:49:59.816 [main] TwoPhaseLoad - Attribute (`state`)  - enhanced for lazy-loading? - false
[DEBUG] 2020-02-17 16:49:59.816 [main] TwoPhaseLoad - Processing attribute `stateId` : value = 33
[DEBUG] 2020-02-17 16:49:59.816 [main] TwoPhaseLoad - Attribute (`stateId`)  - enhanced for lazy-loading? - false
[DEBUG] 2020-02-17 16:49:59.816 [main] TwoPhaseLoad - Processing attribute `username` : value = testUsername
[DEBUG] 2020-02-17 16:49:59.816 [main] TwoPhaseLoad - Attribute (`username`)  - enhanced for lazy-loading? - false
[DEBUG] 2020-02-17 16:49:59.816 [main] TwoPhaseLoad - Processing attribute `zipcode` : value = 12345
[DEBUG] 2020-02-17 16:49:59.816 [main] TwoPhaseLoad - Attribute (`zipcode`)  - enhanced for lazy-loading? - false
[DEBUG] 2020-02-17 16:49:59.817 [main] TwoPhaseLoad - Done materializing entity [com.adhound.entity.User#10]
[DEBUG] 2020-02-17 16:49:59.817 [main] TwoPhaseLoad - Resolving attributes for [com.adhound.entity.State#33]
[DEBUG] 2020-02-17 16:49:59.817 [main] TwoPhaseLoad - Processing attribute `abbreviation` : value = NC
[DEBUG] 2020-02-17 16:49:59.817 [main] TwoPhaseLoad - Attribute (`abbreviation`)  - enhanced for lazy-loading? - false
[DEBUG] 2020-02-17 16:49:59.817 [main] TwoPhaseLoad - Processing attribute `name` : value = North Carolina
[DEBUG] 2020-02-17 16:49:59.817 [main] TwoPhaseLoad - Attribute (`name`)  - enhanced for lazy-loading? - false
[DEBUG] 2020-02-17 16:49:59.818 [main] TwoPhaseLoad - Done materializing entity [com.adhound.entity.State#33]
[DEBUG] 2020-02-17 16:49:59.818 [main] ResourceRegistryStandardImpl - HHH000387: ResultSet's statement was not registered
[DEBUG] 2020-02-17 16:49:59.818 [main] AbstractLoadPlanBasedEntityLoader - Done entity load : com.adhound.entity.User#10
[DEBUG] 2020-02-17 16:49:59.818 [main] LogicalConnectionManagedImpl - Initiating JDBC connection release from afterTransaction
[DEBUG] 2020-02-17 16:49:59.823 [main] TransactionImpl - On TransactionImpl creation, JpaCompliance#isJpaTransactionComplianceEnabled == false
[DEBUG] 2020-02-17 16:49:59.823 [main] TransactionImpl - begin
[DEBUG] 2020-02-17 16:49:59.834 [main] TransactionImpl - committing
[DEBUG] 2020-02-17 16:49:59.834 [main] AbstractFlushingEventListener - Processing flush-time cascades
[DEBUG] 2020-02-17 16:49:59.835 [main] AbstractFlushingEventListener - Dirty checking collections
[DEBUG] 2020-02-17 16:49:59.839 [main] AbstractFlushingEventListener - Flushed: 0 insertions, 0 updates, 1 deletions to 1 objects
[DEBUG] 2020-02-17 16:49:59.839 [main] AbstractFlushingEventListener - Flushed: 0 (re)creations, 0 updates, 0 removals to 0 collections
[DEBUG] 2020-02-17 16:49:59.843 [main] EntityPrinter - Listing entities:
[DEBUG] 2020-02-17 16:49:59.843 [main] EntityPrinter - com.adhound.entity.User{lastName=testLastName, address=123 Test Street, city=testCity, stateId=33, zipcode=12345, firstName=testFirstName, password=testPassword, phone=123-456-7890, id=10, state=com.adhound.entity.State#33, fax=987-654-3210, email=test@email.com, username=testUsername}
[DEBUG] 2020-02-17 16:49:59.857 [main] SQL - delete from users where id=?
[DEBUG] 2020-02-17 16:49:59.866 [main] LogicalConnectionManagedImpl - Initiating JDBC connection release from afterTransaction
[DEBUG] 2020-02-17 16:49:59.866 [main] LogicalConnectionManagedImpl - Initiating JDBC connection release from afterTransaction
[DEBUG] 2020-02-17 16:49:59.866 [main] JdbcCoordinatorImpl - HHH000420: Closing un-released batch
[DEBUG] 2020-02-17 16:49:59.867 [main] SQL - select user0_.id as id1_1_0_, user0_.address as address2_1_0_, user0_.city as city3_1_0_, user0_.email as email4_1_0_, user0_.fax as fax5_1_0_, user0_.first_name as first_na6_1_0_, user0_.last_name as last_nam7_1_0_, user0_.password as password8_1_0_, user0_.phone as phone9_1_0_, user0_.state_id as state_i10_1_0_, user0_.username as usernam11_1_0_, user0_.zipcode as zipcode12_1_0_, state1_.id as id1_0_1_, state1_.states_Abbreviation as states_A2_0_1_, state1_.states_Name as states_N3_0_1_ from users user0_ inner join states state1_ on user0_.state_id=state1_.id where user0_.id=?
[DEBUG] 2020-02-17 16:49:59.869 [main] ResourceRegistryStandardImpl - HHH000387: ResultSet's statement was not registered
[DEBUG] 2020-02-17 16:49:59.869 [main] AbstractLoadPlanBasedEntityLoader - Done entity load : com.adhound.entity.User#10
[DEBUG] 2020-02-17 16:49:59.869 [main] LogicalConnectionManagedImpl - Initiating JDBC connection release from afterTransaction
